         w _ITM_deregisterTMCloneTable
         w _ITM_registerTMCloneTable
         w __deregister_frame_info
         w __register_frame_info
00000000 b .LANCHOR4
00000000 b _TLS_MODULE_BASE_
00000000 00000401 b __fixedpath
00000000 a shift
00000000 a shift
00000404 b .LANCHOR5
00000404 00000802 b __utf16path
00000c08 b .LANCHOR6
00000c08 00000802 b __utf16path_old.8638
00100000 A __start__
00100000 T _start
00100008 T __service_ptr
0010000c T __apt_appid
00100010 T __heap_size
00100014 T __linear_heap_size
00100018 T __system_arglist
0010001c T __system_runflags
00100020 t startup
00100058 t ClearMem
0010006c t ClrLoop
00100094 T _init
001000ac T initSystem
001000f0 T __ctru_exit
00100110 t .udivsi3_skip_div0_test
00100110 T __aeabi_uidiv
00100110 000001ec T __udivsi3
001002fc 00000020 T __aeabi_uidivmod
0010031c T __aeabi_idiv
0010031c 00000220 T __divsi3
00100324 t .divsi3_skip_div0_test
0010053c 00000020 T __aeabi_idivmod
0010055c 00000004 W __aeabi_idiv0
0010055c 00000004 W __aeabi_ldiv0
00100560 T __aeabi_drsub
00100568 000002b0 T __aeabi_dsub
00100568 000002b0 T __subdf3
0010056c 000002ac T __adddf3
0010056c 000002ac T __aeabi_dadd
00100818 00000024 T __aeabi_ui2d
00100818 00000024 T __floatunsidf
0010083c 00000028 T __aeabi_i2d
0010083c 00000028 T __floatsidf
00100864 00000048 T __aeabi_f2d
00100864 00000048 T __extendsfdf2
001008ac 00000074 T __aeabi_ul2d
001008ac 00000074 T __floatundidf
001008c0 00000060 T __aeabi_l2d
001008c0 00000060 T __floatdidf
00100920 T __aeabi_uldivmod
00100968 00000390 T strcmp
00100cf0 t deregister_tm_clones
00100d1c t register_tm_clones
00100d54 t __do_global_dtors_aux
00100d98 t frame_dummy
00100dcc 00000010 t DecodeAddr_Indirect
00100ddc 0000001c t DecodeAddr_APosIncB
00100df8 0000001c t DecodeAddr_APosIncW
00100e14 0000001c t DecodeAddr_APosIncL
00100e30 0000001c t DecodeAddr_APreDecB
00100e4c 0000001c t DecodeAddr_APreDecW
00100e68 0000001c t DecodeAddr_APreDecL
00100e84 00000014 t DecodeGetSrcDst_RegB
00100e98 00000014 t DecodeGetSrcDst_RegW
00100eac 00000010 t DecodeGetSrcDst_RegL
00100ebc 00000004 t DecodeGetSrcDst_Dat4
00100ec0 00000010 t DecodeSetSrcDst_RegB
00100ed0 00000014 t DecodeSetSrcDst_RegW
00100ee4 00000010 t DecodeSetSrcDst_RegL
00100ef4 00000014 t ArgSetDstRegBValue
00100f08 00000014 t ArgSetDstRegWValue
00100f1c 00000014 t ArgSetDstRegLValue
00100f30 00000028 t DecodeGetSetSrcDst_RegB
00100f58 00000028 t DecodeGetSetSrcDst_RegW
00100f80 00000024 t DecodeGetSetSrcDst_RegL
00100fa4 00000004 t cctrue_T
00100fa8 00000004 t cctrue_F
00100fac 00000020 t cctrue_HI
00100fcc 00000020 t cctrue_LS
00100fec 0000001c t cctrue_CC
00101008 0000001c t cctrue_CS
00101024 0000001c t cctrue_NE
00101040 0000001c t cctrue_EQ
0010105c 0000001c t cctrue_VC
00101078 0000001c t cctrue_VS
00101094 0000001c t cctrue_PL
001010b0 0000001c t cctrue_MI
001010cc 00000020 t cctrue_GE
001010ec 00000020 t cctrue_LT
0010110c 00000028 t cctrue_GT
00101134 00000028 t cctrue_LE
0010115c 00000014 t Ui5rASR
00101170 0000001c t cctrue_TstL_HI
0010118c 0000001c t cctrue_TstL_LS
001011a8 0000001c t cctrue_TstL_NE
001011c4 0000001c t cctrue_TstL_EQ
001011e0 0000001c t cctrue_TstL_PL
001011fc 0000001c t cctrue_TstL_MI
00101218 0000001c t cctrue_TstL_GE
00101234 0000001c t cctrue_TstL_LT
00101250 0000001c t cctrue_TstL_GT
0010126c 0000001c t cctrue_TstL_LE
00101288 00000020 t cctrue_CmpB_HI
001012a8 00000020 t cctrue_CmpB_LS
001012c8 00000020 t cctrue_CmpB_CC
001012e8 00000020 t cctrue_CmpB_CS
00101308 00000020 t cctrue_CmpB_NE
00101328 00000020 t cctrue_CmpB_EQ
00101348 00000020 t cctrue_CmpB_PL
00101368 00000020 t cctrue_CmpB_MI
00101388 00000020 t cctrue_CmpB_GE
001013a8 00000020 t cctrue_CmpB_LT
001013c8 00000020 t cctrue_CmpB_GT
001013e8 00000020 t cctrue_CmpB_LE
00101408 00000020 t cctrue_CmpW_HI
00101428 00000020 t cctrue_CmpW_LS
00101448 00000020 t cctrue_CmpW_CC
00101468 00000020 t cctrue_CmpW_CS
00101488 00000020 t cctrue_CmpW_NE
001014a8 00000020 t cctrue_CmpW_EQ
001014c8 00000020 t cctrue_CmpW_PL
001014e8 00000020 t cctrue_CmpW_MI
00101508 00000020 t cctrue_CmpW_GE
00101528 00000020 t cctrue_CmpW_LT
00101548 00000020 t cctrue_CmpW_GT
00101568 00000020 t cctrue_CmpW_LE
00101588 00000020 t cctrue_CmpL_HI
001015a8 00000020 t cctrue_CmpL_LS
001015c8 00000020 t cctrue_CmpL_CC
001015e8 00000020 t cctrue_CmpL_CS
00101608 00000020 t cctrue_CmpL_NE
00101628 00000020 t cctrue_CmpL_EQ
00101648 00000020 t cctrue_CmpL_PL
00101668 00000020 t cctrue_CmpL_MI
00101688 00000020 t cctrue_CmpL_GE
001016a8 00000020 t cctrue_CmpL_LT
001016c8 00000020 t cctrue_CmpL_GT
001016e8 00000020 t cctrue_CmpL_LE
00101708 00000024 t cctrue_Asr_CC
0010172c 00000024 t cctrue_Asr_CS
00101750 00000024 t cctrue_AslB_CC
00101774 00000024 t cctrue_AslB_CS
00101798 00000044 t cctrue_AslB_VC
001017dc 00000044 t cctrue_AslB_VS
00101820 00000024 t cctrue_AslW_CC
00101844 00000024 t cctrue_AslW_CS
00101868 00000044 t cctrue_AslW_VC
001018ac 00000044 t cctrue_AslW_VS
001018f0 00000024 t cctrue_AslL_CC
00101914 00000024 t cctrue_AslL_CS
00101938 0000003c t cctrue_AslL_VC
00101974 0000003c t cctrue_AslL_VS
001019b0 0000002c t NeedDefaultLazyXFlagSubB
001019dc 0000002c t NeedDefaultLazyXFlagSubW
00101a08 0000002c t NeedDefaultLazyXFlagSubL
00101a34 00000034 t NeedDefaultLazyXFlagAddB
00101a68 00000034 t NeedDefaultLazyXFlagAddW
00101a9c 0000002c t NeedDefaultLazyXFlagAddL
00101ac8 00000024 t NeedDefaultLazyXFlagNegB
00101aec 00000024 t NeedDefaultLazyXFlagNegW
00101b10 00000024 t NeedDefaultLazyXFlagNegL
00101b34 0000002c t NeedDefaultLazyXFlagAsr
00101b60 0000002c t NeedDefaultLazyXFlagAslB
00101b8c 0000002c t NeedDefaultLazyXFlagAslW
00101bb8 0000002c t NeedDefaultLazyXFlagAslL
00101be4 00000004 t NeedDefaultLazyXFlagDefault
00101be8 0000001c t NeedDefaultLazyXFlag
00101c04 00000034 t NeedDefaultLazyFlagsTstL
00101c38 00000068 t NeedDefaultLazyFlagsCmpB
00101ca0 00000068 t NeedDefaultLazyFlagsCmpW
00101d08 00000070 t NeedDefaultLazyFlagsCmpL
00101d78 00000068 t NeedDefaultLazyFlagsSubB
00101de0 00000068 t NeedDefaultLazyFlagsSubW
00101e48 00000070 t NeedDefaultLazyFlagsSubL
00101eb8 00000060 t NeedDefaultLazyFlagsAddB
00101f18 00000060 t NeedDefaultLazyFlagsAddW
00101f78 00000078 t NeedDefaultLazyFlagsAddL
00101ff0 00000040 t NeedDefaultLazyFlagsNegCommon
00102030 00000018 t NeedDefaultLazyFlagsNegB
00102048 00000018 t NeedDefaultLazyFlagsNegW
00102060 00000014 t NeedDefaultLazyFlagsNegL
00102074 00000050 t NeedDefaultLazyFlagsAsr
001020c4 00000068 t NeedDefaultLazyFlagsAslB
0010212c 00000068 t NeedDefaultLazyFlagsAslW
00102194 00000060 t NeedDefaultLazyFlagsAslL
001021f4 00000020 t NeedDefaultLazyAllFlags0
00102214 00000024 t NeedDefaultLazyFlagsZSet
00102238 0000004c t cctrue_Dflt
00102284 00000058 t DoCodeCmpB
001022dc 00000058 t DoCodeCmpW
00102334 00000058 t DoCodeCmpL
0010238c 0000004c t DoCodeMoveL
001023d8 0000004c t DoCodeMoveW
00102424 0000004c t DoCodeMoveB
00102470 00000038 t DoCodeTst
001024a8 00000004 t DoCodeBccB_f
001024ac 00000038 t DoCodeBccB
001024e4 00000038 t DoCodeBccW
0010251c 00000038 t DoCodeDBcc
00102554 00000028 t DoCodeSwap
0010257c 00000038 t DoCodeMoveA
001025b4 00000024 t DoCodeMoveQ
001025d8 00000074 t DoCodeAddB
0010264c 00000074 t DoCodeAddW
001026c0 00000070 t DoCodeAddL
00102730 00000074 t DoCodeSubB
001027a4 00000074 t DoCodeSubW
00102818 00000070 t DoCodeSubL
00102888 00000038 t DoCodeLea
001028c0 00000034 t DoCodeClr
001028f4 00000054 t DoCodeAddA
00102948 00000054 t DoCodeSubA
0010299c 00000058 t DoCodeCmpA
001029f4 0000003c t m68k_getCR
00102a30 00000050 t m68k_setCR
00102a80 00000044 t m68k_getSR
00102ac4 00000028 t NeedToGetOut
00102aec 00000014 t SetExternalInterruptPending
00102b00 000000e4 t m68k_setSR
00102be4 0000007c t SetCCRforAddX
00102c60 00000060 t DoCodeAddXB
00102cc0 00000070 t DoCodeAddXW
00102d30 000000a8 t DoCodeAddXL
00102dd8 0000006c t SetCCRforSubX
00102e44 00000060 t DoCodeSubXB
00102ea4 00000070 t DoCodeSubXW
00102f14 000000a8 t DoCodeSubXL
00102fbc 0000001c t DoCodeNullShift
00102fd8 00000034 t DoCodeOverAsl
0010300c 00000040 t DoCodeMaxAsr
0010304c 000000a8 t DoCodeAslB
001030f4 000000a8 t DoCodeAslW
0010319c 000000a0 t DoCodeAslL
0010323c 00000024 t DoCodeOverShift
00103260 00000030 t DoCodeOverShiftN
00103290 00000010 t DoCodeOverAShift
001032a0 00000094 t DoCodeAsrB
00103334 00000094 t DoCodeAsrW
001033c8 00000094 t DoCodeAsrL
0010345c 00000034 t DoCodeMaxLslShift
00103490 000000bc t DoCodeLslB
0010354c 000000bc t DoCodeLslW
00103608 000000b8 t DoCodeLslL
001036c0 000000a8 t DoCodeLsrB
00103768 000000a8 t DoCodeLsrW
00103810 000000a4 t DoCodeLsrL
001038b4 00000048 t DecodeGetSrcSetDstValueDfltFlags_nm
001038fc 0000003c t DoCodeNullXShift
00103938 00000070 t DoCodeRxlB
001039a8 00000070 t DoCodeRxlW
00103a18 00000070 t DoCodeRxlL
00103a88 00000070 t DoCodeRxrB
00103af8 00000070 t DoCodeRxrW
00103b68 00000070 t DoCodeRxrL
00103bd8 000000b4 t DoCodeRolB
00103c8c 000000b4 t DoCodeRolW
00103d40 000000a8 t DoCodeRolL
00103de8 000000b0 t DoCodeRorB
00103e98 000000b0 t DoCodeRorW
00103f48 000000a4 t DoCodeRorL
00103fec 00000024 t WillSetZFLG
00104010 0000005c t DoCodeBTstB
0010406c 0000005c t DoCodeBTstL
001040c8 0000006c t DoCodeBChgB
00104134 0000006c t DoCodeBChgL
001041a0 0000006c t DoCodeBClrB
0010420c 0000006c t DoCodeBClrL
00104278 0000006c t DoCodeBSetB
001042e4 0000006c t DoCodeBSetL
00104350 00000060 t DoCodeAnd
001043b0 00000060 t DoCodeOr
00104410 00000060 t DoCodeEor
00104470 00000044 t DoCodeNot
001044b4 00000028 t DoCodeScc_t
001044dc 00000028 t DoCodeScc_f
00104504 00000038 t DoCodeScc
0010453c 00000028 t DoCodeEXTL
00104564 00000038 t DoCodeEXTW
0010459c 00000050 t DoCodeNegB
001045ec 00000050 t DoCodeNegW
0010463c 0000004c t DoCodeNegL
00104688 0000004c t SetCCRforNegX
001046d4 00000044 t DoCodeNegXB
00104718 00000054 t DoCodeNegXW
0010476c 00000064 t DoCodeNegXL
001047d0 00000050 t DoCodeMulU
00104820 00000048 t DoCodeMulS
00104868 00000024 t DoCodeExg
0010488c 00000034 t DoCodeMoveEaCR
001048c0 000000ac t DoCodeAbcd
0010496c 000000c0 t DoCodeSbcd
00104a2c 000000c4 t DoCodeNbcd
00104af0 00000004 t DoCodeNop
00104af4 00000044 t DoCodeTas
00104b38 00000004 t DoCodeCallMorRtm
00104b3c 00000030 t DoCodeMoveCCREa
00104b6c 00000038 t DoCodeBccL
00104ba4 00000028 t DoCodeEXTBL
00104bcc 00000004 t DoCodeTRAPcc_f
00104bd0 000000d0 t Ui6Div
00104ca0 000001c8 t estimateDiv128To64
00104e68 000000b0 t estimateSqrt32
00104f18 0000003c t countLeadingZeros32
00104f54 00000040 t countLeadingZeros64
00104f94 00000018 t float_raise
00104fac 00000064 t float128_is_nan
00105010 0000006c t float128_is_signaling_nan
0010507c 0000007c t float128ToCommonNaN
001050f8 000001a0 t propagateFloat128NaN
00105298 0000018c t roundAndPackInt32
00105424 00000044 t normalizeFloatx80Subnormal
00105468 000007bc t roundAndPackFloatx80
00105c24 000000e0 t normalizeRoundAndPackFloatx80
00105d04 00000134 t normalizeFloat128Subnormal
00105e38 0000058c t roundAndPackFloat128
001063c4 000001fc t normalizeRoundAndPackFloat128
001065c0 00000074 t int32_to_floatx80
00106634 0000079c t addFloat128Sigs
00106dd0 000005fc t subFloat128Sigs
001073cc 00000098 t float128_add
00107464 00000098 t float128_sub
001074fc 000006b0 t float128_mul
00107bac 00000a4c t float128_div
001085f8 0000002c t normalizeFloat32Subnormal
00108624 00000030 t float32_is_signaling_nan
00108654 00000050 t float32ToCommonNaN
001086a4 00000158 t roundAndPackFloat32
001087fc 00000050 t float64_is_signaling_nan
0010884c 00000060 t float64ToCommonNaN
001088ac 0000004c t normalizeFloat64Subnormal
001088f8 00000278 t roundAndPackFloat64
00108b70 00000020 t floatx80_chs
00108b90 000001cc t remainder_kernel
00108d5c 00000234 t EvalPoly
00108f90 00000070 t EvenPoly
00109000 00000078 t OddPoly
00109078 00000054 t poly_ln
001090cc 000000f4 t poly_l2
001091c0 000000d0 t poly_l2p1
00109290 0000007c t poly_exp
00109310 000002d0 t argument_reduction_kernel
001095e0 000001e0 t reduce_trig_arg
001097c0 00000054 t poly_atan
00109814 00000020 t myfp_ToExtendedFormat
00109834 00000028 t myfp_FromLong
0010985c 0000003c t myfp_IsInf
00109898 0000003c t myfp_IsZero
001098d4 00000020 t myfp_Abs
001098f4 0000001c t myfp_Neg
00109910 00000334 t myfp_getCR
00109c44 000000a8 t myfp_SetFPCR
00109cec 0000005c t myfp_GetFPCR
00109d48 00000010 t myfp_SetFPSR
00109d58 00000010 t myfp_GetFPSR
00109d68 00000014 t myfp_GetConditionCodeByte
00109d7c 00000010 t myfp_SetConditionCodeByte
00109d8c 00000010 t myfp_SetFPIAR
00109d9c 00000010 t myfp_GetFPIAR
00109dac 000001a0 t CheckFPCondition
00109f4c 0000001c t CountCSIAlist
00109f68 00000068 t LocalFindATTel
00109fd0 00000024 t SetUpMATC
00109ff4 00000014 t do_trace
0010a008 0000008c t get_byte_ext
0010a094 00000038 t get_byte
0010a0cc 00000024 t GetArgValueB
0010a0f0 0000001c t DecodeGetSrcDst_APreDec7B
0010a10c 0000001c t DecodeGetSrcDst_APreDecB
0010a128 0000001c t DecodeGetSrcDst_APosInc7B
0010a144 0000001c t DecodeGetSrcDst_APosIncB
0010a160 00000010 t DecodeGetSrcDst_IndirectB
0010a170 0000001c t getarg_byte
0010a18c 0000001c t DecodeGetSetSrcDst_APreDec7B
0010a1a8 0000001c t DecodeGetSetSrcDst_APreDecB
0010a1c4 0000001c t DecodeGetSetSrcDst_APosInc7B
0010a1e0 0000001c t DecodeGetSetSrcDst_APosIncB
0010a1fc 00000010 t DecodeGetSetSrcDst_IndirectB
0010a20c 000000e0 t get_word_ext
0010a2ec 00000048 t get_word
0010a334 00000024 t get_long_misaligned_ext
0010a358 0000006c t get_long_misaligned
0010a3c4 00000024 t GetArgValueL
0010a3e8 0000001c t DecodeGetSrcDst_APreDecL
0010a404 0000001c t DecodeGetSrcDst_APosIncL
0010a420 00000010 t DecodeGetSrcDst_IndirectL
0010a430 0000001c t getarg_long
0010a44c 0000001c t DecodeGetSetSrcDst_APreDecL
0010a468 0000001c t DecodeGetSetSrcDst_APosIncL
0010a484 00000010 t DecodeGetSetSrcDst_IndirectL
0010a494 00000048 t DoCodeUnlk
0010a4dc 00000028 t DoCodeUnlkA6
0010a504 00000024 t GetArgValueW
0010a528 0000001c t DecodeGetSrcDst_APreDecW
0010a544 0000001c t DecodeGetSrcDst_APosIncW
0010a560 00000010 t DecodeGetSrcDst_IndirectW
0010a570 0000001c t getarg_word
0010a58c 0000001c t DecodeGetSetSrcDst_APreDecW
0010a5a8 0000001c t DecodeGetSetSrcDst_APosIncW
0010a5c4 00000010 t DecodeGetSetSrcDst_IndirectW
0010a5d4 00000088 t put_byte_ext
0010a65c 00000044 t put_byte
0010a6a0 0000002c t SetArgValueB
0010a6cc 00000020 t DecodeSetSrcDst_APreDec7B
0010a6ec 00000020 t DecodeSetSrcDst_APreDecB
0010a70c 00000020 t DecodeSetSrcDst_APosInc7B
0010a72c 00000020 t DecodeSetSrcDst_APosIncB
0010a74c 00000018 t DecodeSetSrcDst_IndirectB
0010a764 00000014 t ArgSetDstMemBValue
0010a778 000000cc t put_word_ext
0010a844 00000054 t put_word
0010a898 00000024 t put_long_misaligned_ext
0010a8bc 00000074 t put_long_misaligned
0010a930 0000002c t SetArgValueL
0010a95c 00000020 t DecodeSetSrcDst_APreDecL
0010a97c 00000020 t DecodeSetSrcDst_APosIncL
0010a99c 00000018 t DecodeSetSrcDst_IndirectL
0010a9b4 00000014 t ArgSetDstMemLValue
0010a9c8 00000040 t DoCodePEA
0010aa08 00000058 t write_long_double
0010aa60 0000002c t SetArgValueW
0010aa8c 00000020 t DecodeSetSrcDst_APreDecW
0010aaac 00000020 t DecodeSetSrcDst_APosIncW
0010aacc 00000018 t DecodeSetSrcDst_IndirectW
0010aae4 00000014 t ArgSetDstMemWValue
0010aaf8 000000b4 t Recalc_PC_Block
0010abac 00000128 t m68k_go_MaxCycles
0010acd4 00000048 t nextiword_nm
0010ad1c 0000002c t DoCodeOrICCR
0010ad48 0000002c t DoCodeAndICCR
0010ad74 0000002c t DoCodeEorICCR
0010ada0 0000012c t DoCAS
0010aecc 00000074 t DoCodeMoveP1
0010af40 0000004c t DoCodeMoveP0
0010af8c 00000068 t DoCodeMOVEMmrL
0010aff4 00000060 t DoCodeMOVEMApRL
0010b054 00000068 t DoCodeMOVEMmrW
0010b0bc 00000060 t DoCodeMOVEMApRW
0010b11c 00000058 t DoCodeMoveP3
0010b174 00000044 t DoCodeMoveP2
0010b1b8 00000040 t DoCodeLink
0010b1f8 00000068 t DoCodeMOVEMrmL
0010b260 00000084 t DoCodeMOVEMRmML
0010b2e4 00000068 t DoCodeMOVEMrmW
0010b34c 00000084 t DoCodeMOVEMRmMW
0010b3d0 00000078 t nextilong_ext
0010b448 0000002c t DecodeAddr_AbsL
0010b474 00000010 t DecodeGetSrcDst_AbsLB
0010b484 00000010 t DecodeGetSetSrcDst_AbsLB
0010b494 00000010 t DecodeGetSrcDst_AbsLL
0010b4a4 00000010 t DecodeGetSetSrcDst_AbsLL
0010b4b4 00000010 t DecodeGetSrcDst_AbsLW
0010b4c4 00000010 t DecodeGetSetSrcDst_AbsLW
0010b4d4 0000001c t DecodeSetSrcDst_AbsLB
0010b4f0 0000001c t DecodeSetSrcDst_AbsLL
0010b50c 0000001c t DecodeSetSrcDst_AbsLW
0010b528 0000002c t DecodeGetSrcDst_ImmedL
0010b554 00000060 t DoCodeLinkL
0010b5b4 00000218 t DoCAS2
0010b7cc 00000550 t DoBitField
0010bd1c 00000030 t m68k_setpc
0010bd4c 00000108 t ExceptionTo
0010be54 00000028 t Exception
0010be7c 00000044 t DoCheckExternalInterruptPending
0010bec0 000000f4 t DoCHK2orCMP2
0010bfb4 00000008 t DoCodeTRAPcc_t
0010bfbc 00000008 t m68k_setstopped
0010bfc4 00000028 t DoCodeTrapV
0010bfec 00000010 t DoCodeTrap
0010bffc 00000084 t DoCodeChk
0010c080 000000d4 t DoCodeDivS
0010c154 000000b0 t DoCodeDivU
0010c204 00000044 t DoCodeRtr
0010c248 00000030 t DoCodeJmp
0010c278 00000028 t DoCodeRts
0010c2a0 00000060 t DoCodeJsr
0010c300 000000b8 t DoCodeFPU_Trapcc
0010c3b8 0000003c t DoPrivilegeViolation
0010c3f4 000000b8 t DoMOVES
0010c4ac 00000028 t DoCodeMoveUSPR
0010c4d4 00000028 t DoCodeMoveRUSP
0010c4fc 00000040 t DoCodeEorISR
0010c53c 00000040 t DoCodeAndISR
0010c57c 00000040 t DoCodeOrISR
0010c5bc 00000044 t DoCodeMoveEaSR
0010c600 00000044 t DoCodeMoveSREa
0010c644 0000002c t DoCodeStop
0010c670 000000e8 t DoCodeRte
0010c758 0000003c t DoCodeFdefault
0010c794 00000004 t DoCodeFPU_dflt
0010c798 00000034 t DoCodeF_InvalidPlusWord
0010c7cc 00000050 t DoCodeFPU_MoveCR
0010c81c 0000003c t op_illg
0010c858 00000100 t DoMoveToControl
0010c958 000000f0 t DoMoveFromControl
0010ca48 00000004 t DoCodeBkpt
0010ca4c 0000003c t DoCodeA
0010ca88 0000001c t Recalc_PC_BlockReturnUi5r
0010caa4 0000004c t DecodeAddr_ADisp
0010caf0 00000010 t DecodeGetSrcDst_ADispB
0010cb00 00000010 t DecodeGetSrcDst_ADispL
0010cb10 00000010 t DecodeGetSrcDst_ADispW
0010cb20 00000034 t DecodeAddr_AbsW
0010cb54 00000010 t DecodeGetSrcDst_AbsWB
0010cb64 00000010 t DecodeGetSetSrcDst_AbsWB
0010cb74 00000010 t DecodeGetSrcDst_AbsWL
0010cb84 00000010 t DecodeGetSetSrcDst_AbsWL
0010cb94 00000010 t DecodeGetSrcDst_AbsWW
0010cba4 00000010 t DecodeGetSetSrcDst_AbsWW
0010cbb4 0000001c t DecodeSetSrcDst_AbsWB
0010cbd0 0000001c t DecodeSetSrcDst_AbsWL
0010cbec 0000001c t DecodeSetSrcDst_AbsWW
0010cc08 00000058 t DecodeAddr_PCDisp
0010cc60 00000010 t DecodeGetSrcDst_PCDispB
0010cc70 00000010 t DecodeGetSetSrcDst_PCDispB
0010cc80 00000010 t DecodeGetSrcDst_PCDispL
0010cc90 00000010 t DecodeGetSetSrcDst_PCDispL
0010cca0 00000010 t DecodeGetSrcDst_PCDispW
0010ccb0 00000010 t DecodeGetSetSrcDst_PCDispW
0010ccc0 0000001c t DecodeSetSrcDst_PCDispB
0010ccdc 0000001c t DecodeSetSrcDst_PCDispL
0010ccf8 0000001c t DecodeSetSrcDst_PCDispW
0010cd14 00000028 t DecodeGetSrcDst_ImmedB
0010cd3c 00000034 t DecodeGetSrcDst_ImmedW
0010cd70 0000008c t DoCodePack
0010cdfc 0000008c t DoCodeUnpk
0010ce88 00000054 t DecodeGetSetSrcDst_ADispB
0010cedc 00000194 t get_disp_ea
0010d070 00000020 t DecodeAddr_PCIndex
0010d090 00000010 t DecodeGetSrcDst_PCIndexB
0010d0a0 00000010 t DecodeGetSetSrcDst_PCIndexB
0010d0b0 00000010 t DecodeGetSrcDst_PCIndexL
0010d0c0 00000010 t DecodeGetSetSrcDst_PCIndexL
0010d0d0 00000010 t DecodeGetSrcDst_PCIndexW
0010d0e0 00000010 t DecodeGetSetSrcDst_PCIndexW
0010d0f0 0000001c t DecodeSetSrcDst_PCIndexB
0010d10c 0000001c t DecodeSetSrcDst_PCIndexL
0010d128 0000001c t DecodeSetSrcDst_PCIndexW
0010d144 00000010 t DecodeAddr_AIndex
0010d154 0000001c t DecodeGetSrcDst_AIndexB
0010d170 0000001c t DecodeGetSetSrcDst_AIndexB
0010d18c 0000001c t DecodeGetSrcDst_AIndexL
0010d1a8 0000001c t DecodeGetSetSrcDst_AIndexL
0010d1c4 0000001c t DecodeGetSrcDst_AIndexW
0010d1e0 0000001c t DecodeGetSetSrcDst_AIndexW
0010d1fc 00000024 t DecodeSetSrcDst_AIndexB
0010d220 00000024 t DecodeSetSrcDst_AIndexL
0010d244 00000024 t DecodeSetSrcDst_AIndexW
0010d268 00000054 t DecodeGetSetSrcDst_ADispL
0010d2bc 00000054 t DecodeGetSetSrcDst_ADispW
0010d310 00000060 t DecodeSetSrcDst_ADispB
0010d370 00000060 t DecodeSetSrcDst_ADispL
0010d3d0 00000060 t DoCodeLinkA6
0010d430 00000060 t DecodeSetSrcDst_ADispW
0010d490 000002d4 t DecodeModeRegister
0010d764 0000003c t DecodeAddrModeRegister
0010d7a0 00000094 t DoCodeFPU_Restore
0010d834 000000c0 t DoCodeFPU_Save
0010d8f4 00000070 t DoCodeFPU_Scc
0010d964 000000f0 t DoCodeFPU_Move_EA_CSIA
0010da54 000000d8 t DoCodeFPU_MoveM_CSIA_EA
0010db2c 000000fc t DoCodeFPU_MoveM_list_EA
0010dc28 0000006c t DoCodeRtd
0010dc94 00000024 t SkipiLong
0010dcb8 00000024 t SkipiWord
0010dcdc 00000070 t DoCodeTRAPcc
0010dd4c 00000084 t DoCodeBsrL
0010ddd0 00000060 t DoCodeBraL
0010de30 00000030 t DoCodeFPU_FBccL
0010de60 0000003c t DoCodeBraW
0010de9c 00000030 t DoCodeFPU_FBccW
0010decc 00000038 t DoCodeBsrW
0010df04 0000003c t DoCodeDBF
0010df40 00000088 t DoCodeFPU_DBcc
0010dfc8 00000034 t DoCodeBraB
0010dffc 00000038 t DoCodeBsrB
0010e034 00000004 t local_customreset
0010e038 0000001c t DoCodeReset
0010e054 00000028 t Ui6r_Negate.isra.0
0010e07c 00000018 t Ui6r_IsZero.isra.0
0010e094 00000008 t Ui6r_IsNeg.isra.0
0010e09c 00000050 t mul_unsigned.isra.0
0010e0ec 000001b0 t DoCodeMulL
0010e29c 00000068 t div_unsigned.isra.0
0010e304 000001d8 t DoCodeDivL
0010e4dc 00000030 t floatx80_is_nan.isra.0
0010e50c 0000000c t myfp_IsNan
0010e518 0000004c t floatx80_is_signaling_nan.isra.0
0010e564 00000160 t propagateFloatx80NaN
0010e6c4 000002c0 t floatx80_round_to_int
0010e984 0000004c t myfp_floor
0010e9d0 0000004c t myfp_IntRZ
0010ea1c 00000034 t myfp_Int
0010ea50 00000334 t addFloatx80Sigs
0010ed84 000004b0 t subFloatx80Sigs
0010f234 00000098 t floatx80_add
0010f2cc 00000044 t myfp_Add
0010f310 00000098 t floatx80_sub
0010f3a8 00000044 t myfp_Sub
0010f3ec 000002b4 t floatx80_mul
0010f6a0 00000044 t myfp_Mul
0010f6e4 00000574 t floatx80_div
0010fc58 00000044 t myfp_Div
0010fc9c 00000764 t floatx80_rem
00110400 00000044 t myfp_Rem
00110444 0000063c t floatx80_sqrt
00110a80 00000034 t myfp_Sqrt
00110ab4 00000340 t floatx80_scale
00110df4 00000044 t myfp_Scale
00110e38 0000005c t propagateOneFloatx80NaN
00110e94 00000118 t floatx80_extract
00110fac 00000028 t myfp_GetMan
00110fd4 00000038 t myfp_GetExp
0011100c 00000064 t floatx80ToCommonNaN.isra.0
00111070 0000002c t commonNaNToFloatx80.isra.0
0011109c 00000178 t float128_to_floatx80
00111214 0000013c t sincos_approximation
00111350 000002bc t fsincos
0011160c 00000020 t myfp_Sin
0011162c 00000024 t myfp_Cos
00111650 0000001c t myfp_SinCos
0011166c 00000314 t ftan
00111980 00000014 t myfp_Tan
00111998 00000748 t fpatan
001120e0 00000050 t myfp_ATan
00112130 000000b0 t myfp_ASin
001121e0 000000b0 t myfp_ACos
00112290 000000fc t float32_to_floatx80
0011238c 00000028 t myfp_FromSingleFormat
001123b4 000000f8 t float64_to_floatx80
001124ac 0000002c t myfp_FromDoubleFormat
001124d8 0000003c t read_double
00112514 000004cc t floatx80_mul128
001129e0 00000040 t commonNaNToFloat128.isra.0
00112a20 000000a8 t floatx80_to_int32.isra.0
00112ac8 0000000c t myfp_ToLong
00112ad4 000000ac t floatx80_to_float128.isra.0
00112b80 00000418 t fyl2x
00112f98 0000004c t myfp_Log2
00112fe4 0000004c t myfp_LogN
00113030 00000070 t myfp_ATanh
001130a0 0000004c t myfp_Log10
001130ec 000002a0 t f2xm1
0011338c 000000b4 t myfp_TwoToX
00113440 00000088 t myfp_TenToX
001134c8 0000005c t myfp_EToX
00113524 0000005c t myfp_Sinh
00113580 0000005c t myfp_Cosh
001135dc 0000006c t myfp_Tanh
00113648 00000128 t myfp_EToXM1
00113770 00000014 t commonNaNToFloat32.isra.0
00113784 000000a8 t floatx80_to_float32.isra.0
0011382c 0000000c t myfp_ToSingleFormat
00113838 0000003c t myfp_RoundToSingle
00113874 0000001c t commonNaNToFloat64.isra.0
00113890 000000c8 t floatx80_to_float64.isra.0
00113958 00000028 t myfp_ToDoubleFormat
00113980 0000003c t write_double
001139bc 0000012c t DoCodeFPU_Move_FP_EA
00113ae8 00000040 t myfp_RoundToDouble
00113b28 00000014 t myfp_FromExtendedFormat.isra.0
00113b3c 00000050 t read_long_double
00113b8c 000000bc t DoCodeFPU_MoveM_EA_list
00113c48 00000008 t myfp_IsNeg.isra.0
00113c50 00000064 t myfp_SetConditionCodeByteFromResult
00113cb4 00000020 t SaveResultAndFPSR
00113cd8 00000600 t fyl2xp1.constprop.0
001142d8 00000034 t myfp_LogNP1
0011430c 0000033c t do_fprem.constprop.0
00114648 00000058 t floatx80_remainder
001146a0 0000004c t myfp_Mod
001146ec 00000658 t DoCodeFPU_GenOp
00114d44 00000018 t DoCodeFPU_GenOpReg
00114d5c 00000170 t DoCodeFPU_GenOpEA
00114ecc 000000c4 t DoCodeFPU_md60
00114f90 000000b4 T m68k_go_nCycles
00115044 00000018 T GetCyclesRemaining
0011505c 00000028 T SetCyclesRemaining
00115084 00000004 T FindATTel
00115088 00000010 T get_vm_byte
00115098 00000010 T get_vm_word
001150a8 00000004 T get_vm_long
001150ac 00000008 T put_vm_byte
001150b4 00000008 T put_vm_word
001150bc 00000004 T put_vm_long
001150c0 00000060 T SetHeadATTel
00115120 00000030 T DiskInsertedPsuedoException
00115150 00000034 T m68k_IPLchangeNtfy
00115184 00000084 T m68k_reset
00115208 00000018 T MINEM68K_Init
00115220 000000c0 t Init_1BPP
001152e0 00000088 t Init_4BPP
00115368 0000002c t Unpack4BPP
00115394 0000019c t GetSubstitutionStr
00115530 000000c4 t ClStrSizeSubstCStr
001155f4 00000014 t ClStrAppendChar
00115608 000001bc t ClStrAppendSubstCStr
001157c4 0000004c t ClStrFromSubstCStr
00115810 00000050 t FirstFreeDisk
00115860 0000003c t DiskInsertNotify
0011589c 0000002c t DiskEjectedNotify
001158c8 00000054 t FindFirstChangeInLVecs
0011591c 00000028 t FindLastChangeInLVecs
00115944 00000118 t FindLeftRightChangeInLMat
00115a5c 00000028 t ScreenClearChanges
00115a84 00000028 t ScreenChangedAll
00115aac 00000130 t AutoScrollScreen
00115bdc 00000020 t SetLongs
00115bfc 0000002c t MyEvtQElPreviousIn
00115c28 00000040 t MyEvtQElAlloc
00115c68 00000090 t Keyboard_UpdateKeyMap
00115cf8 00000044 t MyMouseButtonSet
00115d3c 00000084 t MyMousePositionSet
00115dc0 00000020 t InitKeyCodes
00115de0 00000088 t DisconnectKeyCodes
00115e68 00000018 t MyEvtQTryRecoverFromFull
00115e80 0000001c t MacMsg
00115e9c 000000c8 t DrawCell
00115f64 00000028 t DrawCellsBeginLine
00115f8c 00000054 t DrawCellsEndLine
00115fe0 00000054 t DrawCellsBottomLine
00116034 0000002c t DrawCellAdvance
00116060 00000010 t DrawCellsBlankLine
00116070 000000fc t DrawCellsFromStr
0011616c 00000024 t DrawCellsOneLineStr
00116190 00000040 t DrawCellsKeyCommand
001161d0 000000f8 t DrawSpclMode0
001162c8 00000024 t DrawCellsMessageModeBody
001162ec 00000014 t DrawMessageMode
00116300 00000028 t MacMsgDisplayOff
00116328 0000002c t MacMsgDisplayOn
00116354 0000000c t DoMessageModeKey
00116360 00000040 t MacMsgOverride
001163a0 00000020 t NoRomMsgDisplayOff
001163c0 00000020 t NoRomMsgDisplayOn
001163e0 0000000c t DrawCellsNoRomModeBody
001163ec 00000014 t DrawNoRomMode
00116400 00000038 t DoEnterControlMode
00116438 00000028 t DoLeaveControlMode
00116460 00000028 t Keyboard_UpdateControlKey
00116488 00000028 t SetSpeedValue
001164b0 0000004c t ControlMode2TitleStr
001164fc 000003e8 t DrawCellsControlModeBody
001168e4 00000018 t DrawControlMode
001168fc 00000030 t DrawSpclMode
0011692c 0000003c t Calc_Checksum
00116968 00000014 t WarnMsgCorruptedROM
0011697c 00000014 t WarnMsgUnsupportedROM
00116990 00000074 t ROM_IsValid
00116a04 00000068 t NativeStrFromCStr
00116a6c 00000028 t InitDrives
00116a94 00000078 t CheckAndUpdateColormap
00116b0c 00000024 t MousePositionNotify
00116b30 000000e8 t CheckMouseState
00116c18 00000060 t IncrNextTime
00116c78 00000030 t InitNextTime
00116ca8 00000024 t CheckDateTime
00116ccc 0000001c t MySound_Init0
00116ce8 00000014 t MySound_Start0
00116cfc 0000001c t ConvertSoundBlockToNative
00116d18 00000034 t MySound_WroteABlock
00116d4c 00000040 t MySound_EndWrite0
00116d8c 00000058 t MySound_SecondNotify0
00116de4 0000009c t SoundRampTo
00116e80 00000018 t MySound_SecondNotify
00116e98 00000004 t ZapOSGLUVars
00116e9c 0000004c t Unpack_1BPP
00116ee8 000000c4 t UpdateTrueEmulatedTime
00116fac 0000001c t StartUpTimeAdjust
00116fc8 0000004c t InitLocationDat
00117014 000000bc t DrawKeyHighlight
001170d0 0000005c t TestSomething
0011712c 00000184 t DrawSubScreen
001172b0 00000060 t MySound_Stop
00117310 00000004 t EnterSpeedStopped
00117314 0000005c t MySound_Start
00117370 00000010 t LeaveSpeedStopped
00117380 000000ac t LoadMacRomFrom
0011742c 00000044 t LoadMacRom
00117470 00000154 t MySound_Init
001175c4 00000040 t Screen_Init
00117604 00000070 t CreateMainScreen
00117674 00000068 t C2D_SpriteFromSheet
001176dc 0000023c t CreateSubScreen
00117918 00000018 t CreateMainWindow
00117930 0000002c t MySound_UnInit
0011795c 00000018 t UnallocMyMemory
00117974 00000074 t CheckSavedMacMsg
001179e8 0000003c t DestroyMainScreen
00117a24 00000060 t DestroySubScreen
00117a84 0000002c t vSonyEject0.isra.0
00117ab0 00000078 t Sony_Insert0.isra.0
00117b28 0000007c t Sony_Insert1
00117ba4 000000c8 t ScanCommandLine
00117c6c 00000008 t Sony_Insert2
00117c74 00000068 t Sony_InsertIth
00117cdc 0000028c t DSPCallback
00117f68 00000054 t UpdateFBTexture.constprop.0
00117fbc 0000002c t UpdateMainScreen_4BPP
00117fe8 0000002c t UpdateMainScreen_1BPP
00118014 000000d4 t DrawMainScreen
001180e8 00000010 T MyMoveBytes
001180f8 00000348 t ScreenFindChanges
00118440 00000050 t GetCurDrawBuff
00118490 00000050 t HaveChangedScreenBuff.isra.0
001184e0 00000030 t MyDrawChangesAndClear
00118510 00000018 T AnyDiskInserted
00118528 000003d4 t DoControlModeKey
001188fc 0000004c t Keyboard_UpdateKeyMap2
00118948 000000fc t CheckForSavedTasks
00118a44 00000034 t LoadInitialImages
00118a78 0000001c T DiskRevokeWritable
00118a94 0000012c T Screen_OutputFrame
00118bc0 0000006c T ReserveAllocOneBlock
00118c2c 00000068 t ReserveAllocAll
00118c94 00000078 t AllocMyMemory
00118d0c 00000028 T MyEvtQOutP
00118d34 00000018 T MyEvtQOutDone
00118d4c 00000090 T vSonyTransfer
00118ddc 00000058 T vSonyGetSize
00118e34 00000004 T vSonyEject
00118e38 00000044 t UnInitDrives
00118e7c 0000004c t UnInitOSGLU
00118ec8 00000028 T DoneWithDrawingForTick
00118ef0 00000010 T DoKeyCode
00118f00 00000028 t HandleDPADKey
00118f28 00000190 t SubScreenUpdateInput
001190b8 000000b8 t CheckForSystemEvents
00119170 00000064 T MySound_BeginWrite
001191d4 00000004 T MySound_EndWrite
001191d8 00000028 T ExtraTimeNotOver
00119200 0000006c T WaitForNextTick
0011926c 00000058 t WaitForRom
001192c4 00000094 t InitOSGLU
00119358 00000038 T main
00119390 00000044 t AddToATTList
001193d4 00000014 t InitATTList
001193e8 000000e8 t SetUp_RAM24
001194d0 000001e8 t SetUp_io
001196b8 000000d8 t SetUp_address24
00119790 000001c4 t SetUp_address32
00119954 0000001c t SetUp_address
00119970 0000002c t InsertICT
0011999c 00000114 t ExtnFind_Access
00119ab0 000000cc t Extn_Access
00119b7c 0000007c t FinishATTList
00119bf8 00000014 t SetUpMemBanks
00119c0c 00000014 T Extn_Reset
00119c20 00000024 T customreset
00119c44 00000220 T MMDV_Access
00119e64 00000038 T MemAccessNtfy
00119e9c 00000058 t get_address_realblock1
00119ef4 00000004 T MemOverlay_ChangeNtfy
00119ef8 00000004 T Addr32_ChangeNtfy
00119efc 00000064 T get_real_address0
00119f60 00000064 T VIAorSCCinterruptChngNtfy
00119fc4 0000001c T SetInterruptButton
00119fe0 00000034 T AddrSpac_Init
0011a014 00000014 T Memory_Reset
0011a028 00000024 T PowerOff_ChangeNtfy
0011a04c 00000048 T FindKeyEvent
0011a094 00000014 T ICT_Zap
0011a0a8 0000001c T GetCuriCount
0011a0c4 0000004c T ICT_add
0011a110 00000018 t SetDcoArgFields
0011a128 0000000c t octdat
0011a134 00000020 t GetAMdRegSz.isra.0
0011a154 00000020 t GetAMdIndirectSz.isra.0
0011a174 00000270 t CheckValidAddrMode
0011a3e4 0000002c t IsValidAddrMode
0011a410 00000030 t CheckDataAltAddrMode
0011a440 00000030 t CheckDataAddrMode
0011a470 00000030 t CheckControlAddrMode
0011a4a0 00000030 t CheckControlAltAddrMode
0011a4d0 00000030 t CheckAltMemAddrMode
0011a500 00000018 t FindOpSizeFromb76.isra.0
0011a518 00000020 t OpSizeOffset.isra.0
0011a538 0000002c t rolops
0011a564 00002564 t DeCodeOneOp.constprop.0
0011cac8 00000058 T M68KITAB_setup
0011cb20 00000020 t VIA1_Get_ORA
0011cb40 00000034 t VIA1_Get_ORB
0011cb74 00000030 t VIA1_Clear
0011cba4 000000dc t VIA1_Put_ORA
0011cc80 00000054 t VIA1_SetDDR_A
0011ccd4 0000010c t VIA1_Put_ORB
0011cde0 00000054 t VIA1_SetDDR_B
0011ce34 00000038 t VIA1_CheckInterruptFlag
0011ce6c 0000001c t VIA1_SetInterruptFlag
0011ce88 0000001c t VIA1_ClrInterruptFlag
0011cea4 0000001c T VIA1_Zap
0011cec0 00000020 T VIA1_Reset
0011cee0 0000003c T VIA1_ShiftInData
0011cf1c 0000004c T VIA1_ShiftOutData
0011cf68 00000174 T VIA1_DoTimer1Check
0011d0dc 0000006c t CheckT1IntReady
0011d148 000000c4 T VIA1_DoTimer2Check
0011d20c 00000420 T VIA1_Access
0011d62c 0000005c T VIA1_ExtraTimeBegin
0011d688 00000060 T VIA1_ExtraTimeEnd
0011d6e8 00000008 T VIA1_iCA1_Sixtieth_PulseNtfy
0011d6f0 00000008 T VIA1_iCA2_RTC_OneSecond_PulseNtfy
0011d6f8 0000001c t VIA2_Get_ORA
0011d714 00000004 t VIA2_Get_ORB
0011d718 00000030 t VIA2_Clear
0011d748 0000006c t VIA2_Put_ORA
0011d7b4 00000054 t VIA2_SetDDR_A
0011d808 0000008c t VIA2_Put_ORB
0011d894 00000054 t VIA2_SetDDR_B
0011d8e8 00000038 t VIA2_CheckInterruptFlag
0011d920 0000001c t VIA2_SetInterruptFlag
0011d93c 0000001c t VIA2_ClrInterruptFlag
0011d958 0000001c T VIA2_Zap
0011d974 00000020 T VIA2_Reset
0011d994 00000174 T VIA2_DoTimer1Check
0011db08 0000006c t CheckT1IntReady
0011db74 000000c4 T VIA2_DoTimer2Check
0011dc38 0000040c T VIA2_Access
0011e044 0000005c T VIA2_ExtraTimeBegin
0011e0a0 00000060 T VIA2_ExtraTimeEnd
0011e100 00000008 T VIA2_iCA1_Vid_VBLinterrupt_PulseNtfy
0011e108 00000008 T VIA2_iCB1_ASC_interrupt_PulseNtfy
0011e110 00000020 t IWM_Set_Lines
0011e130 00000048 t IWM_Read_Reg
0011e178 00000030 t IWM_Write_Reg
0011e1a8 00000028 T IWM_Reset
0011e1d0 000001a0 T IWM_Access
0011e370 0000001c t SCC_InitChannel
0011e38c 00000030 t SCC_ResetChannel
0011e3bc 00000038 t SCC_GetRR0
0011e3f4 00000084 t SCC_GetRR2
0011e478 00000050 t SCC_PutWR3
0011e4c8 00000028 t SCC_PutWR5
0011e4f0 00000084 t CheckSCCInterruptFlag
0011e574 00000060 t SCC_PutWR0
0011e5d4 0000002c t SCC_PutWR1
0011e600 00000008 t SCC_GetRR1.isra.0
0011e608 00000008 t SCC_GetRR10.isra.0
0011e608 00000008 t SCC_GetRR12.isra.0
0011e608 00000008 t SCC_GetRR13.isra.0
0011e608 00000008 t SCC_GetRR15.isra.0
0011e608 00000008 t SCC_GetRR3.isra.0
0011e608 00000008 t SCC_GetRR8.isra.0
0011e610 00000078 t SCC_GetReg
0011e688 00000018 t SCC_PutWR2.isra.0
0011e6a0 0000002c t SCC_PutWR8.isra.0
0011e6cc 00000054 T SCC_Reset
0011e720 00000070 t SCC_PutWR9.isra.0
0011e790 00000058 t SCC_PutReg
0011e7e8 00000058 T SCC_Access
0011e840 00000030 t RTC_Access_PRAM_Reg
0011e870 000000b8 t RTC_Access_Reg
0011e928 00000100 t RTC_DoCmd
0011ea28 00000118 T RTC_Init
0011eb40 00000058 T RTC_Interrupt
0011eb98 0000002c T RTCunEnabled_ChangeNtfy
0011ebc4 0000007c T RTCclock_ChangeNtfy
0011ec40 00000004 T RTCdataLine_ChangeNtfy
0011ec44 000000a0 t Sony_Install
0011ece4 00000044 T ROM_Init
0011ed28 00000078 t SCSI_BusReset
0011eda0 0000009c t SCSI_Check
0011ee3c 00000020 T SCSI_Reset
0011ee5c 0000004c T SCSI_Access
0011eea8 0000005c t vSonyNextPendingInsert0
0011ef04 0000003c t CheckReadableDrive
0011ef40 00000164 t vSonyNextPendingInsert
0011f0a4 0000002c t DriveVarsLocation
0011f0d0 00000024 t Sony_OpenC
0011f0f4 00000038 t Sony_OpenA
0011f12c 000000cc t vSonyTransferVM
0011f1f8 000000e8 t Drive_Transfer
0011f2e0 00000068 t Drive_Eject
0011f348 000001bc t Sony_Prime
0011f504 000001a4 t Sony_Control
0011f6a8 00000148 t Sony_OpenB
0011f7f0 0000013c t Sony_Mount
0011f92c 0000000c t Sony_Close.isra.0
0011f938 00000088 t MyMoveBytesVM.constprop.0
0011f9c0 00000090 t Sony_Status
0011fa50 00000078 T Sony_Update
0011fac8 00000014 T Sony_SetQuitOnEject
0011fadc 00000054 T Sony_EjectAllDisks
0011fb30 0000001c T Sony_Reset
0011fb4c 00000218 T ExtnDisk_Access
0011fd64 00000148 T ExtnSony_Access
0011feac 00000010 T Screen_EndTickNotify
0011febc 00000048 t ChecksumSlotROM
0011ff04 0000001c t PatchAByte
0011ff20 0000001c t PatchAWord
0011ff3c 0000001c t PatchALong
0011ff58 0000001c t PatchAOSLstEntry
0011ff74 00000018 t ReservePatchOSLstEntry
0011ff8c 0000002c t PatchAReservedOSLstEntry
0011ffb8 00000008 t PatchADatLstEntry
0011ffc0 0000000c t PatchAnEndOfLst
0011ffcc 0000001c t Vid_GetMode
0011ffe8 00000058 t Vid_SetMode
00120040 00000090 t FillScreenWithGrayPattern
001200d0 00000590 T Vid_Init
00120660 0000001c T Vid_Update
0012067c 00000410 T ExtnVideo_Access
00120a8c 000000a8 T Mouse_Update
00120b34 00000058 T Mouse_EndTickNotify
00120b8c 00000030 t ADB_DoMouseListen
00120bbc 00000030 t ADB_DoKeyboardListen
00120bec 00000030 t ADB_EndListen
00120c1c 0000001c t ADB_DoReset
00120c38 00000044 t ADB_Flush
00120c7c 00000050 t CheckForADBanyEvt
00120ccc 000001a4 t ADB_DoMouseTalk
00120e70 0000009c t CheckForADBkeyEvt
00120f0c 000000a8 t ADB_DoKeyboardTalk
00120fb4 00000030 t ADB_DoTalk
00120fe4 000001a4 T ADB_DoNewState
00121188 0000000c T ADBstate_ChangeNtfy
00121194 00000004 T ADB_DataLineChngNtfy
00121198 00000068 T ADB_Update
00121200 000000a4 t ASC_RecalcStatus
001212a4 00000020 t ASC_ClearFIFO
001212c4 00000328 T ASC_Access
001215ec 000004e0 T ASC_SubTick
00121acc 00000060 t ICT_DoGetNext
00121b2c 00000030 t EmulatedHardwareZap
00121b5c 00000048 t InitEmulation
00121ba4 00000070 t MoreSubTicksToDo
00121c14 00000010 t DoMacReset
00121c24 00000058 t InterruptReset_Update
00121c7c 0000001c t SubTickTaskStart
00121c98 00000028 t SixtiethSecondNotify
00121cc0 00000004 t SubTickNotify
00121cc4 00000040 t SubTickTaskDo
00121d04 00000040 t ICT_DoTask
00121d44 00000084 t ICT_DoCurrentTasks
00121dc8 00000044 t m68k_go_nCycles_1
00121e0c 00000008 t SubTickTaskEnd
00121e14 00000014 t SixtiethEndNotify
00121e28 0000009c t DoEmulateOneTick
00121ec4 000000f0 t RunEmulatedTicksToTrueTime
00121fb4 00000010 t ExtraTimeBeginNotify
00121fc4 00000010 t ExtraTimeEndNotify
00121fd4 00000064 t DoEmulateExtraTime
00122038 00000028 t MainEventLoop
00122060 00000058 T EmulationReserveAlloc
001220b8 00000018 T ProgramMain
001220d0 00000330 T C2D_Init
00122400 00000044 T C2D_Fini
00122444 000000c8 T C2D_Prepare
0012250c 0000010c T C2D_SceneSize
00122618 00000044 T C2D_CreateScreenTarget
0012265c 0000013c T C2Di_CalcQuad
00122798 00000040 T C2Di_AppendVtx
001227d8 00000030 T C2Di_FlushVtxBuf
00122808 00000020 t C2Di_FrameEndHook
00122828 00000018 T C2D_Flush
00122840 00000030 T C2D_TargetClear
00122870 00000210 T C2Di_Update
00122a80 000002ec T C2D_DrawImage
00122d6c 000001ac T C2D_DrawRectangle
00122f18 00000018 t C2Di_GlyphComp
00122f30 000001c8 T C2D_TextBufNew
001230f8 00000004 T C2D_TextBufDelete
001230fc 00000198 T C2D_TextFontParseLine
00123294 00000090 T C2D_TextFontParse
00123324 0000002c T C2D_TextOptimize
00123350 000000c0 T C2D_TextGetDimensions
00123410 0000034c T C2D_DrawText
0012375c 0000007c T C2D_SpriteSheetLoadFromMem
001237d8 00000028 T C2D_SpriteSheetFree
00123800 00000028 T C2D_SpriteSheetGetImage
00123828 00000028 T C2D_FontFree
00123850 000000f0 t C2Di_PostLoadFont
00123940 00000048 T C2D_FontLoadFromMem
00123988 00000044 T C2D_FontGlyphIndexFromCodePoint
001239cc 00000078 T C2D_FontCalcGlyphPos
00123a44 000000c4 t C3Di_SplitFrame.part.1
00123b08 00000004 W C3Di_LightEnvUpdate
00123b0c 00000004 W C3Di_LightEnvDirty
00123b10 000000ac t C3Di_AptEventHook
00123bbc 00000004 W C3Di_GasUpdate
00123bc0 0000021c T C3D_Init
00123ddc 00000098 T C3D_SetViewport
00123e74 0000050c T C3Di_UpdateContext
00124380 00000020 T C3Di_SplitFrame
001243a0 00000064 T C3D_Fini
00124404 00000114 T C3D_BindProgram
00124518 00000054 t C3Di_RenderQueueInit
0012456c 00000080 t C3Di_RenderTargetDestroy
001245ec 000000ac t onVBlank1
00124698 0000013c t onVBlank0
001247d4 0000000c t C3Di_RenderTargetNew
001247e0 0000007c t C3Di_WaitAndClearQueue
0012485c 000000c0 t onQueueFinish
0012491c 00000044 t C3D_FrameSplit.part.6
00124960 00000030 T C3D_FrameSync
00124990 000000a0 T C3Di_RenderQueueExit
00124a30 00000020 T C3Di_RenderQueueWaitDone
00124a50 0000007c T C3D_FrameBegin
00124acc 00000048 T C3D_FrameDrawOn
00124b14 00000018 T C3D_FrameSplit
00124b2c 00000164 T C3D_FrameEnd
00124c90 0000001c T C3D_FrameEndHook
00124cac 0000017c T C3D_RenderTargetCreate
00124e28 0000004c T C3D_RenderTargetSetOutput
00124e74 000000ac T C3D_SyncDisplayTransfer
00124f20 000000b4 T C3D_SyncTextureCopy
00124fd4 00000284 T C3D_TexInitWithParams
00125258 000000dc T C3D_TexLoadImage
00125334 00000048 T C3D_TexBind
0012537c 0000007c T C3D_TexDelete
001253f8 00000174 T C3Di_SetTex
0012556c 000003e8 t Tex3DSi_ImportCommon
00125954 00000028 T Tex3DS_TextureImport
0012597c 0000001c T Tex3DS_GetSubTexture
00125998 00000004 T Tex3DS_TextureFree
0012599c 0000001c T C3D_CalcColorBufSize
001259b8 0000001c T C3D_CalcDepthBufSize
001259d4 00000044 T C3D_SetFrameBuf
00125a18 00000168 T C3Di_FrameBufBind
00125b80 000000c8 T C3D_FrameBufClear
00125c48 00000048 T C3D_FrameBufTransfer
00125c90 00000034 T C3D_GetTexEnv
00125cc4 00000024 T C3Di_TexEnvBind
00125ce8 0000006c T C3D_ProcTexInit
00125d54 00000050 T C3D_ProcTexBind
00125da4 00000060 T C3D_ProcTexLutBind
00125e04 000000a4 T ProcTexLut_FromArray
00125ea8 00000174 T C3Di_ProcTexUpdate
0012601c 00000068 T C3Di_ProcTexDirty
00126084 00000024 T BufInfo_Init
001260a8 00000084 T BufInfo_Add
0012612c 00000040 T C3D_SetBufInfo
0012616c 00000048 T C3Di_BufInfoBind
001261b4 00000148 T C3D_DrawArrays
001262fc 00000040 T C3D_DepthMap
0012633c 0000001c T C3D_CullFace
00126358 00000040 T C3D_StencilTest
00126398 00000024 T C3D_StencilOp
001263bc 0000001c T C3D_BlendingColor
001263d8 00000024 T C3D_EarlyDepthTest
001263fc 0000002c T C3D_DepthTest
00126428 0000002c T C3D_AlphaTest
00126454 00000050 T C3D_AlphaBlend
001264a4 00000030 T C3D_FragOpMode
001264d4 00000044 T C3D_FragOpShadow
00126518 000001ac T C3Di_EffectBind
001266c4 00000028 T AttrInfo_Init
001266ec 000000a0 T AttrInfo_AddLoader
0012678c 00000054 T C3D_SetAttrInfo
001267e0 00000080 T C3Di_AttrInfoBind
00126860 000000a4 T C3D_ImmSendAttrib
00126904 000002b8 T C3D_UpdateUniforms
00126bbc 000000c0 T C3Di_DirtyUniforms
00126c7c 000000e0 T C3Di_LoadShaderUniforms
00126d5c 00000028 T C3Di_ClearShaderUniforms
00126d84 000000cc T Mtx_Ortho
00126e50 000000cc T Mtx_OrthoTilt
00126f1c 00000024 t addrMapNodeComparator(rbtree_node const*, rbtree_node const*)
00126f40 00000004 t addrMapNodeDestructor(rbtree_node*)
00126f44 00000114 T vramMemAlign
00127058 00000008 T vramAlloc
00127060 00000054 T vramFree
001270b4 00000024 t addrMapNodeComparator(rbtree_node const*, rbtree_node const*)
001270d8 00000004 t addrMapNodeDestructor(rbtree_node*)
001270dc 00000124 T linearMemAlign
00127200 00000008 T linearAlloc
00127208 00000054 T linearFree
0012725c 0000008c T MemPool::CoalesceRight(MemBlock*)
001272e8 00000174 T MemPool::Allocate(MemChunk&, unsigned long, int)
0012745c 000000fc T MemPool::Deallocate(MemChunk const&)
00127558 00000058 t getSysTime
001275b0 00000028 t __ctru_speedup_config.part.0
001275d8 0000004c T osConvertVirtToPhys
00127624 00000024 T osGetMemRegionUsed
00127648 00000128 T __libctru_gtod
00127770 00000070 T osGetTime
001277e0 00000018 T __ctru_speedup_config
001277f8 00000024 T osSetSpeedupEnable
0012781c 0000009c T fontEnsureMapped
001278b8 0000007c T fontFixPointers
00127934 00000134 T fontGlyphIndexFromCodePoint
00127a68 0000006c T fontGetCharWidthInfo
00127ad4 000001c0 T fontCalcGlyphPos
00127c94 0000008c t gfxSetFramebufferInfo.part.0
00127d20 0000006c t gfxSetFramebufferInfo
00127d8c 00000058 t gfxGetFramebuffer.part.0
00127de4 00000010 T gfxIs3D
00127df4 00000018 T __get_bytes_per_pixel
00127e0c 00000184 T gfxSetScreenFormat
00127f90 00000214 T gfxInit
001281a4 00000010 T gfxInitDefault
001281b4 000000e0 T gfxExit
00128294 00000064 T gfxGetFramebuffer
001282f8 000000f4 T gfxConfigScreen
001283ec 000001f0 T shaderInstanceInit
001285dc 00000034 T shaderInstanceFree
00128610 00000018 T shaderInstanceGetUniformLocation
00128628 00000018 T shaderProgramInit
00128640 0000002c T shaderProgramFree
0012866c 0000006c T shaderProgramSetVsh
001286d8 000008b4 T shaderProgramConfigure
00128f8c 000001f8 t DVLE_GenerateOutmap.part.0
00129184 000001c8 T DVLB_ParseFile
0012934c 00000038 T DVLB_Free
00129384 00000078 T DVLE_GetUniformRegister
001293fc 00000038 t submitGxCommand
00129434 00000010 T GX_BindQueue
00129444 00000050 T GX_ProcessCommandList
00129494 00000054 T GX_MemoryFill
001294e8 00000048 T GX_DisplayTransfer
00129530 0000004c T GX_TextureCopy
0012957c 00000074 t gxCmdQueueDoCommands.part.0
001295f0 000000c8 T gxCmdQueueInterrupt
001296b8 0000004c T gxCmdQueueClear
00129704 000000f8 T gxCmdQueueAdd
001297fc 00000080 T gxCmdQueueRun
0012987c 00000060 T gxCmdQueueStop
001298dc 00000084 T gxCmdQueueWait
00129960 0000013c T GPUCMD_Add
00129a9c 000000b0 T GPUCMD_Split
00129b4c 00000040 T f32tof16
00129b8c 00000040 T f32tof24
00129bcc 00000044 T f32tof31
00129c10 00000150 t ndspUpdateMaster
00129d60 000000ec t ndspFinalize
00129e4c 00000274 t ndspInitialize
0012a0c0 00000074 t ndspAptHook
0012a134 00000168 t ndspSync
0012a29c 00000104 t ndspThreadMain
0012a3a0 00000398 T ndspInit
0012a738 000000fc T ndspExit
0012a834 00000034 T ndspSetOutputMode
0012a868 00000010 T ndspSetCallback
0012a878 00000084 T ndspChnReset
0012a8fc 00000018 T ndspChnSetFormat
0012a914 00000050 T ndspChnSetPaused
0012a964 00000050 T ndspChnSetInterp
0012a9b4 00000064 T ndspChnSetRate
0012aa18 00000088 T ndspChnSetMix
0012aaa0 0000006c T ndspChnWaveBufClear
0012ab0c 000000a8 T ndspChnWaveBufAdd
0012abb4 00000034 T ndspiInitChn
0012abe8 00000028 T ndspiDirtyChn
0012ac10 00000490 T ndspiUpdateChn
0012b0a0 000001e8 T ndspiReadChnState
0012b288 00000074 T gspInit
0012b2fc 0000003c T gspExit
0012b338 00000034 T gspSetEventCallback
0012b36c 000000a4 T gspInitEventHandler
0012b410 00000040 T gspExitEventHandler
0012b450 00000050 T gspWaitForEvent
0012b4a0 00000064 T gspWaitForAnyEvent
0012b504 00000178 t gspEventThreadMain
0012b67c 00000124 T gspSubmitGxCommand
0012b7a0 0000006c T GSPGPU_SetBufferSwap
0012b80c 0000004c T GSPGPU_FlushDataCache
0012b858 00000034 T GSPGPU_SetLcdForceBlack
0012b88c 00000064 T GSPGPU_RegisterInterruptRelayQueue
0012b8f0 0000002c T GSPGPU_UnregisterInterruptRelayQueue
0012b91c 00000048 T GSPGPU_AcquireRight
0012b964 0000002c T GSPGPU_ReleaseRight
0012b990 00000080 T GSPGPU_ImportDisplayCaptureInfo
0012ba10 0000002c T GSPGPU_SaveVramSysArea
0012ba3c 0000002c T GSPGPU_RestoreVramSysArea
0012ba68 000000a4 T cfguInit
0012bb0c 0000003c T cfguExit
0012bb48 00000048 T CFGU_GetConfigInfoBlk2
0012bb90 0000003c T dspExit
0012bbcc 0000004c T DSP_FlushDataCache
0012bc18 00000034 T DSP_SetSemaphore
0012bc4c 00000034 T DSP_SetSemaphoreMask
0012bc80 00000038 T DSP_GetSemaphoreHandle
0012bcb8 00000064 T DSP_LoadComponent
0012bd1c 0000002c T DSP_UnloadComponent
0012bd48 00000080 T dspInit
0012bdc8 00000044 T DSP_RegisterInterruptEvents
0012be0c 00000070 T DSP_ReadPipeIfPossible
0012be7c 0000004c T DSP_WriteProcessPipe
0012bec8 00000040 T DSP_ConvertProcessAddressFromDspDram
0012bf08 00000040 T DSP_RecvData
0012bf48 0000004c T DSP_RecvDataIsReady
0012bf94 00000028 t fsSessionForArchive.part.0
0012bfbc 000000c4 T fsInit
0012c080 0000003c T fsExit
0012c0bc 00000064 T fsExemptFromSession
0012c120 0000005c T fsUnexemptFromSession
0012c17c 000000bc T FSUSER_OpenFile
0012c238 000000d4 T FSUSER_OpenFileDirectly
0012c30c 000000ac T FSUSER_DeleteFile
0012c3b8 000000e8 T FSUSER_RenameFile
0012c4a0 000000ac T FSUSER_DeleteDirectory
0012c54c 000000c4 T FSUSER_CreateFile
0012c610 000000b4 T FSUSER_CreateDirectory
0012c6c4 000000e8 T FSUSER_RenameDirectory
0012c7ac 000000a0 T FSUSER_OpenDirectory
0012c84c 00000098 T FSUSER_OpenArchive
0012c8e4 00000078 T FSUSER_CloseArchive
0012c95c 00000078 T FSUSER_GetSdmcArchiveResource
0012c9d4 00000064 T FSUSER_IsSdmcWritable
0012ca38 0000005c T FSFILE_Read
0012ca94 00000064 T FSFILE_Write
0012caf8 00000038 T FSFILE_GetSize
0012cb30 00000028 T FSFILE_SetSize
0012cb58 0000003c T FSFILE_Close
0012cb94 00000024 T FSFILE_Flush
0012cbb8 00000054 T FSDIR_Read
0012cc0c 0000003c T FSDIR_Close
0012cc48 00000004 W _aptDebug
0012cc4c 00000170 T aptSendCommand
0012cdbc 0000003c t aptExitProcess
0012cdf8 00000030 T aptHook
0012ce28 00000030 T aptUnhook
0012ce58 00000050 T APT_InquireNotification
0012cea8 00000194 t aptEventHandler
0012d03c 00000074 T APT_AppletUtility
0012d0b0 000000b0 T aptSetSleepAllowed
0012d160 000000b4 T APT_GlanceParameter
0012d214 000000c8 T APT_ReceiveParameter
0012d2dc 000000bc t aptReceiveParameter.constprop.0
0012d398 000001e0 t aptScreenTransfer
0012d578 00000210 t aptWaitForWakeUp
0012d788 00000070 T APT_CancelParameter
0012d7f8 0000025c T aptInit
0012da54 00000088 t aptClearParamQueue
0012dadc 00000264 T aptMainLoop
0012dd40 00000254 T aptExit
0012df94 0000007c T APT_CheckNew3DS
0012e010 00000048 T APT_GetSharedFont
0012e058 00000028 t hidCheckSectionUpdateTime.part.0
0012e080 000000d0 T hidExit
0012e150 000001d8 T hidScanInput
0012e328 00000010 T hidKeysHeld
0012e338 00000010 T hidKeysDown
0012e348 00000010 T hidKeysUp
0012e358 00000018 T hidTouchRead
0012e370 00000018 T hidCircleRead
0012e388 00000090 T HIDUSER_GetHandles
0012e418 000001a4 T hidInit
0012e5bc 00000074 T ptmSysmInit
0012e630 0000003c T ptmSysmExit
0012e66c 00000034 T PTMSYSM_ConfigureNew3DSCPU
0012e6a0 00000120 t iov_memmove
0012e7c0 000000cc t buffer_read
0012e88c 000000d8 t iov_read
0012e964 000001c4 t decompress_rle
0012eb28 00000268 t decompress_lzss
0012ed90 000002ec t decompress_huff.isra.0.part.0
0012f07c 00000440 t decompress_lz11
0012f4bc 000000e8 T decompressHeader
0012f5a4 0000023c T decompressV
0012f7e0 00000014 T rbtree_init
0012f7f4 000001a4 t do_insert
0012f998 00000008 T rbtree_insert
0012f9a0 00000090 T rbtree_rotate
0012fa30 00000334 T rbtree_remove
0012fd64 00000074 T rbtree_find
0012fdd8 00000138 T decode_utf8
0012ff10 00000038 W __libctru_init
0012ff48 00000034 t __libctru_nanosleep
0012ff7c 00000030 t __ctru_get_reent
0012ffac 000000fc T __system_initSyscalls
001300a8 00000100 W __system_allocateHeaps
001301a8 000000f0 T __system_initArgv
00130298 T svcControlMemory
001302b8 T svcExitProcess
001302c0 T svcCreateThread
001302e0 T svcExitThread
001302e8 T svcSleepThread
001302f0 T svcReleaseMutex
001302f8 T svcCreateEvent
0013030c T svcSignalEvent
00130314 T svcClearEvent
0013031c T svcMapMemoryBlock
00130324 T svcUnmapMemoryBlock
0013032c T svcCreateAddressArbiter
00130340 T svcArbitrateAddress
00130358 T svcCloseHandle
00130360 T svcWaitSynchronization
00130368 T svcWaitSynchronizationN
00130390 T svcDuplicateHandle
001303a4 T svcGetSystemTick
001303ac T svcGetSystemInfo
001303c4 T svcConnectToPort
001303d8 T svcSendSyncRequest
001303e0 T svcBreak
001303e8 00000024 t addrMapNodeComparator(rbtree_node const*, rbtree_node const*)
0013040c 00000004 t addrMapNodeDestructor(rbtree_node*)
00130410 000000e8 T mappableAlloc
001304f8 00000054 T mappableFree
0013054c 00000038 t LightLock_Unlock.part.0
00130584 0000000c T __sync_init
00130590 00000018 T __sync_fini
001305a8 00000010 T __sync_get_arbiter
001305b8 00000018 T LightLock_Init
001305d0 00000090 T LightLock_Lock
00130660 00000034 T LightLock_TryLock
00130694 00000020 T LightLock_Unlock
001306b4 00000024 T RecursiveLock_Init
001306d8 00000030 T RecursiveLock_Lock
00130708 00000058 T RecursiveLock_TryLock
00130760 00000038 T RecursiveLock_Unlock
00130798 00000038 T LightEvent_Init
001307d0 0000007c T LightEvent_Clear
0013084c 000000dc T LightEvent_Signal
00130928 000000c0 T LightEvent_Wait
001309e8 00000084 T envGetHandle
00130a6c 0000004c T envDestroyHandles
00130ab8 00000058 T srvExit
00130b10 00000038 T srvRegisterClient
00130b48 000000cc T srvInit
00130c14 00000080 T srvGetServiceHandleDirect
00130c94 00000048 T srvGetServiceHandle
00130cdc 0000001c t threadFree.part.0
00130cf8 00000180 T threadCreate
00130e78 00000024 T threadJoin
00130e9c 00000068 T threadExit
00130f04 00000048 t _thread_begin
00130f4c 000000ac T irrstScanInput
00130ff8 00000024 T irrstKeysHeld
0013101c 00000050 T IRRST_GetHandles
0013106c 00000154 T irrstInit
001311c0 0000002c T IRRST_Shutdown
001311ec 000000ac T irrstExit
00131298 0000000c T srvPmGetSessionHandle
001312a4 00000050 T rbtree_node_next
001312f4 0000001c W __appInit
00131310 0000001c W __appExit
0013132c 000000a0 W __libctru_exit
001313cc 00000014 t archive_link
001313e0 00000014 t archive_dirreset
001313f4 00000014 t archive_chmod
00131408 00000024 t error_cmp
0013142c 00000050 t archive_translate_error
0013147c 00000034 t archive_fsync
001314b0 00000054 t archive_ftruncate
00131504 00000038 t archive_dirclose
0013153c 0000013c t archive_dirnext
00131678 00000034 t archive_close
001316ac 00000070 t archive_fstat
0013171c 000000d4 t archive_seek
001317f0 00000078 t archive_read
00131868 000000ac t archive_write
00131914 000000bc t sdmc_statvfs
001319d0 00000080 t _archiveInit.part.0
00131a50 0000008c t archiveFindDevice.part.0
00131adc 00000138 t _archiveMountDevice
00131c14 00000228 t archive_utf16path
00131e3c 0000009c t archive_rmdir
00131ed8 000000b4 t archive_diropen
00131f8c 000000b8 t archive_mkdir
00132044 00000154 t archive_rename
00132198 000000c4 t archive_chdir
0013225c 00000084 t archive_unlink
001322e0 00000124 t archive_stat
00132404 000001cc t archive_open
001325d0 000000a4 t _archiveUnmountDeviceStruct.part.0
00132674 00000014 t archive_fchmod
00132688 00000014 t archive_statvfs
0013269c 00000168 T archiveMountSdmc
00132804 00000054 T archiveUnmountAll
00132858 000000c0 T utf8_to_utf16
00132918 000000e8 T utf16_to_utf8
00132a00 T __aeabi_read_tp
00132a0c 00000068 T encode_utf16
00132a74 00000104 T encode_utf8
00132b78 00000060 T decode_utf16
00132bd8 00000244 T cosf
00132e1c 00000024 t with_errnof
00132e40 0000001c T __math_invalidf
00132e5c 000000b4 T ceilf
00132f10 0000026c T sinf
0013317c 00000038 T __aeabi_d2lz
0013317c 00000038 T __fixdfdi
001331b8 00000040 T __aeabi_d2ulz
001331b8 00000040 T __fixunsdfdi
001331f8 00000130 T __udivmoddi4
00133328 0000007c T bsearch
001333a4 00000028 T calloc
001333cc 00000094 T _calloc_r
00133460 0000000c T __errno
0013346c 00000034 T exit
001334a0 00000160 T _fclose_r
00133600 00000020 T fclose
00133620 00000278 T __sflush_r
00133898 00000094 T _fflush_r
0013392c 00000038 T fflush
00133964 00000078 t std
001339dc 0000000c T _cleanup_r
001339e8 00000048 T __sfmoreglue
00133a30 0000008c T __sinit
00133abc 0000010c T __sfp
00133bc8 0000000c T __sfp_lock_acquire
00133bd4 0000000c T __sfp_lock_release
00133be0 0000003c T __libc_fini_array
00133c1c 00000138 T _fopen_r
00133d54 00000028 T fopen
00133d7c 0000003c T fprintf
00133db8 000002e0 T _fread_r
00134098 00000038 T fread
001340d0 000000f8 T _malloc_trim_r
001341c8 000002e8 T _free_r
001344b0 00000020 T _fseek_r
001344d0 00000034 T fseek
00134504 000005ac T _fseeko_r
00134ab0 00000040 T ftell
00134af0 000001bc T _ftello_r
00134cac 00000068 T _fwalk
00134d14 00000070 T _fwalk_reent
00134d84 000000f8 T _fwrite_r
00134e7c 00000038 T fwrite
00134eb4 0000007c T __libc_init_array
00134f30 00000094 T __swhatbuf_r
00134fc4 000000f8 T __smakebuf_r
001350bc 00000028 T memalign
001350e4 0000014c T _memalign_r
00135230 00000020 T malloc
00135250 00000020 T free
00135270 000007d0 T _malloc_r
00135a40 00000120 T memcpy
00135b60 00000118 T memset
00135c78 0000000c T __malloc_lock
00135c84 0000000c T __malloc_unlock
00135c90 0000094c T qsort
001365dc 000004bc T _realloc_r
00136a98 0000001c t lflush
00136ab4 000001ac T __srefill_r
00136c60 0000003c T __sread
00136c9c 00000068 T __swrite
00136d04 00000058 T __sseek
00136d5c 00000008 T __sclose
00136d64 0000005c T strlen
00136dc0 00000098 T strncat
00136e58 000000ec T strncmp
00136f44 000000c0 T strncpy
00137004 00000048 T strnlen
0013704c 00000650 t get_arg
001376a0 000038e0 T _vfprintf_r
0013af80 000000d4 t __sbprintf
0013b054 00000054 T _wcrtomb_r
0013b0a8 00000020 T _wcsrtombs_r
0013b0c8 00000150 T __swsetup_r
0013b218 00000118 T __call_exitprocs
0013b330 000001a8 t quorem
0013b4d8 000012ac T _dtoa_r
0013c784 000000c8 T __sflags
0013c84c 000004a4 T __sfvwrite_r
0013ccf0 0000000c T _localeconv_r
0013ccfc 00000010 T __locale_mb_cur_max
0013cd0c 000002fc T __utf8_mbtowc
0013d008 000000e0 T memchr
0013d0e8 00000154 T memmove
0013d23c 00000088 T _Balloc
0013d2c4 0000001c T _Bfree
0013d2e0 000000d0 T __multadd
0013d3b0 00000058 T __hi0bits
0013d408 0000009c T __lo0bits
0013d4a4 00000020 T __i2b
0013d4c4 000001e0 T __multiply
0013d6a4 00000100 T __pow5mult
0013d7a4 00000114 T __lshift
0013d8b8 00000058 T __mcmp
0013d910 00000190 T __mdiff
0013daa0 00000104 T __d2b
0013dba8 000000a8 T frexp
0013dc50 00000144 T strchr
0013dd94 00000034 T __sprint_r
0013ddc8 00000190 T _wcsnrtombs_l
0013df58 00000048 T _wcsnrtombs_r
0013dfa0 000000f0 T __utf8_wctomb
0013e090 00000008 t null_write
0013e098 00000018 T setDefaultDevice
0013e0b0 000000c8 T FindDevice
0013e178 00000028 T RemoveDevice
0013e1a0 0000009c T AddDevice
0013e23c 00000020 T GetDeviceOpTab
0013e25c 00000078 T _fstat_r
0013e2d4 00000008 T _isatty_r
0013e2dc 00000084 T _lseek_r
0013e360 000000c4 T _open_r
0013e424 00000080 T _read_r
0013e4a4 00000078 T _sbrk_r
0013e51c 00000080 T _write_r
0013e59c 00000024 T _exit
0013e5c0 000001bc T _concatenate_path
0013e77c 0000015c T chdir
0013e8d8 00000008 T __flockfile
0013e8e0 00000008 T __funlockfile
0013e8e8 00000018 T __libc_lock_acquire
0013e900 00000018 T __libc_lock_release
0013e918 00000018 T __libc_lock_init_recursive
0013e930 00000018 T __libc_lock_acquire_recursive
0013e948 00000018 T __libc_lock_release_recursive
0013e960 00000018 T __libc_lock_close_recursive
0013e978 0000008c T __release_handle
0013ea04 000000b4 T __alloc_handle
0013eab8 0000003c T __get_handle
0013eaf4 000000f8 T _close_r
0013ebec 00000028 T __getreent
0013ec14 00000044 T strrchr
0013ec58 T _fini
0013f000 R chicagoflf_bin
001bfd5c R chicagoflf_bin_end
001bfd5c R chicagoflf_bin_size
001bfd60 R touchmap_bin
001c020f R touchmap_bin_end
001c0210 R touchmap_bin_size
001c0214 R titlebar_t3x
001c02a9 R titlebar_t3x_end
001c02ac R titlebar_t3x_size
001c02b0 R keyboard_t3x
001c63f9 R keyboard_t3x_end
001c63fc R keyboard_t3x_size
001c6400 R icons_t3x
001c6b75 R icons_t3x_end
001c6b78 R icons_t3x_size
001c6b80 00000060 r NeedLazyXFlagDispatch
001c6be0 00000060 r NeedLazyFlagDispatch
001c6c40 000005c4 r cctrueDispatch
001c7204 00000090 r DecodeGetSrcDstDispatch
001c7294 00000090 r DecodeSetSrcDstDispatch
001c7324 00000090 r DecodeGetSetSrcDstDispatch
001c73b4 00000090 r DecodeAddrDispatch
001c7444 00000020 r sqrtOddAdjustments.8936
001c7464 00000020 r sqrtEvenAdjustments.8937
001c7484 00000100 r countLeadingZerosHigh.8943
001c7588 00000010 r float128_one
001c7598 00000010 r float128_ln2inv2
001c75a8 00000010 r float128_two
001c75b8 00000010 r floatx80_pi
001c75c8 00000010 r t.10088
001c75d8 00000010 r t.10092
001c75e8 00000010 r floatx80_one
001c75f8 00000010 r floatx80_Ten
001c7608 00000010 r t.10101
001c7618 00000010 r t.10103
001c7628 00000010 r t.10105
001c7638 00000010 r t.10107
001c7648 00000010 r t.10109
001c7658 00000010 r t.10111
001c7668 00000010 r t.10113
001c7678 00000010 r t.10115
001c7688 00000010 r t.10117
001c7698 00000010 r t.10119
001c76a8 00000010 r t.10121
001c76b8 00000010 r t.10123
001c76c8 0000000c r CSWTCH.1841
001c76d4 000002ac r OpDispatch
001c7980 00000010 r floatx80_default_nan
001c7990 00000010 r float128_pi4
001c79a0 00000010 r float128_sqrt3
001c79b0 00000010 r float128_pi6
001c79c0 00000010 r float128_pi2
001c79d0 00000010 r t.10008
001c79d0 00000010 r t.10095
001c79d0 00000010 r t.9998
001c79e0 00000010 r floatx80_Two
001c79f0 00000010 r t.10003
001c79f0 00000010 r t.10086
001c7a00 00000010 r floatx80_negone
001c7a10 00000010 r float128_ln2
001c7a20 00000010 r floatx80_neghalf
001c7a30 00000010 r t.10090
001c7a30 00000010 r t.9971
001c7a30 00000010 r t.9978
001c7a30 00000010 r t.9989
001c7a40 00000010 r t.10097
001c7a40 00000010 r t2.9972
001c7a50 00000018 r CSWTCH.511
001c7a68 0000005b r CSWTCH.515
001c7ac4 00000014 r CSWTCH.534
001c7ad8 00000671 r CellData
001c814c 00000010 r CSWTCH.562
001c815c 00000053 r Cell2PlainAsciiMap
001c81b0 00000014 r __compound_literal.1
001c81c4 000001b4 r sony_driver
001c8378 00000102 r my_disk_icon
001c847c 00000114 r VidDrvr_contents
001c8590 00000010 r SubTick_n
001c85a0 0000000e r vol_mult
001c85b0 00000010 r vol_offset
001c85c0 R render2d_shbin
001c874c R render2d_shbin_end
001c874c R render2d_shbin_size
001c93f4 00000038 r CSWTCH.11
001c942c 00000005 r colorFmtSizes
001c9434 00000004 r depthFmtSizes
001c9438 00000010 r CSWTCH.7
001c9448 00000014 r CSWTCH.62
001c945c 00000008 r framebufferInfoSt
001c946c 00000011 r dsp_filename.8777
001c951c 00000070 r archive_devoptab
001c958c 00000030 r error_table
001c95bc 00000060 R __inv_pio4
001c9620 000000e0 R __sincosf_table
001c9700 00000004 R _global_impure_ptr
001c9740 00000010 r blanks.8791
001c9750 00000010 r zeroes.8792
001c9770 r .LC2
001c97b8 00000028 R __mprec_bigtens
001c97e0 000000c8 R __mprec_tens
001c98a8 0000000c r p05.7510
001c98b4 0000006c R __action_table
001c9920 00000100 R __chclass
001c9a20 0000006c R __state_table
001c9a8c 00000101 R _ctype_
001c9b90 00000070 R dotab_stdnull
001c9c00 r 
001c9c00 R __exidx_end
001c9c00 R __exidx_start
001ca000 00000090 d ln_arr
001ca090 000000f0 d exp_arr
001ca180 000000b0 d atan_arr
001ca230 00000001 d floatx80_rounding_precision
001ca238 00000090 d cos_arr
001ca2c8 00000090 d sin_arr
001ca358 00000001 d RunInBackground
001ca359 00000001 D WantNotAutoSlow
001ca35a 00000001 D SpeedValue
001ca35c 00000028 d ScreenSprite
001ca384 00000001 d CurSpeedStopped
001ca386 00000002 d ScreenChangedQuietTop
001ca388 00000002 d ScreenChangedQuietLeft
001ca38c 00000004 d TouchKeyDown
001ca390 00000001 d VIA1_T1Running
001ca391 00000001 d VIA1_T2Running
001ca392 00000001 d VIA2_T1Running
001ca393 00000001 d VIA2_T2Running
001ca394 00000001 d NotSoRandAddr
001ca398 W __stacksize__
001ca39c 00000004 d framerate
001ca3a0 00000008 d framerateCounter
001ca3a8 00000001 d botFormat
001ca3ac 00000008 d doubleBuf
001ca3b4 00000001 d topFormat
001ca3b8 00000004 d queueLock
001ca3bc 00000004 d gspLastEvent
001ca3c0 00000004 d aptFlags
001ca3c4 00000001 d aptHomeAllowed
001ca3c8 00000004 V __ctru_linear_heap_size
001ca3cc 0000000c d __sfp_recursive_mutex
001ca3d8 0000000c d __sinit_recursive_mutex
001ca3e4 00000004 D _impure_ptr
001ca3e8 00000460 d impure_data
001ca848 00000408 D __malloc_av_
001cac50 00000004 D __malloc_sbrk_base
001cac54 00000004 D __malloc_trim_threshold
001cac58 0000000c d __malloc_recursive_mutex
001cac64 0000000c D __atexit_recursive_mutex
001cac70 0000016c D __global_locale
001caddc 00000004 d defaultDevice
001cade0 0000008c D devoptab_list
001cae6c 00000400 d _current_working_directory
001cb26c 00000004 d __hndl_lock
001cb270 0000000c d __stderr_handle
001cb27c 0000000c d __stdin_handle
001cb288 0000000c d __stdout_handle
001cb294 00001000 d handles
001cc294 D __TMC_END__
001cc294 d __TMC_LIST__
001cc294 t __frame_dummy_init_array_entry
001cc294 T __init_array_start
001cc294 B __preinit_array_end
001cc294 B __preinit_array_start
001cc294 D __tdata_lma
001cc294 D __tdata_lma_end
001cc298 t __do_global_dtors_aux_fini_array_entry
001cc298 T __fini_array_start
001cc298 T __init_array_end
001cc29c T __bss_start__
001cc29c T __fini_array_end
001cc2a0 00000001 b float_exception_flags
001cc2a1 00000001 b float_rounding_mode
001cc2a4 00000004 b myfp_env
001cc2a8 00000088 b fpu_dat
001cc330 00080104 b regs
0024c438 00000400 b UnpackTable_4BPP
0024c838 00000001 b ControlKeyPressed
0024c839 00000001 b WantMagnify
0024c83a 00000001 b SpeedStopped
0024c83c 00000004 B vSonyInsertedMask
0024c840 00000004 B vSonyWritableMask
0024c844 00000004 B QuietTime
0024c848 00000004 B QuietSubTicks
0024c84c 00000002 b ScreenChangedTop
0024c84e 00000002 b ScreenChangedBottom
0024c850 00000002 b ScreenChangedLeft
0024c852 00000002 b ScreenChangedRight
0024c854 00000002 b ViewHStart
0024c856 00000002 B CurMouseH
0024c858 00000002 b SavedMouseH
0024c85a 00000002 b ViewVStart
0024c85c 00000002 B CurMouseV
0024c85e 00000002 b SavedMouseV
0024c860 00000002 b MyEvtQIn
0024c862 00000002 b MyEvtQOut
0024c864 00000080 b MyEvtQA
0024c8e4 00000001 b MyEvtQNeedRecover
0024c8e8 00000010 b theKeys
0024c8f8 00000001 b MyMouseButtonState
0024c8fa 00000002 b MyMousePosCurH
0024c8fc 00000002 b MyMousePosCurV
0024c900 00000004 b SavedBriefMsg
0024c904 00000004 b SavedLongMsg
0024c908 00000004 b CntrlDisplayBuff
0024c90c 00000001 B UseColorMode
0024c910 00000004 b CurCellv0
0024c914 00000004 b CurCellh0
0024c918 00000004 b SpecialModes
0024c91c 00000001 b NeedWholeScreenDraw
0024c920 00000004 b CurControlMode
0024c924 00000004 b ControlMessage
0024c928 00000001 b LastControlKey
0024c92c 00000004 B ROM
0024c930 00000001 b ROM_loaded
0024c934 00000018 b Drives
0024c94c 00000004 b LastColormapSum
0024c950 00000004 b CStick
0024c954 00000004 b MouseX
0024c958 00000004 b MouseY
0024c95c 00000004 b Keys_Held
0024c960 00000008 b NextFracTime
0024c968 00000008 b NextIntTime
0024c970 00000008 b LastTime
0024c978 00000004 b NewMacDateInSeconds
0024c97c 00000004 B CurMacDateInSeconds
0024c980 00000002 b ThePlayOffset
0024c982 00000002 b TheFillOffset
0024c984 00000002 b TheWriteOffset
0024c986 00000002 b MinFilledSoundBuffs
0024c988 00000004 b TheSoundBuffer
0024c98c 00000004 b TrueEmulatedTime
0024c990 00000001 b HaveSoundOut
0024c994 00000004 b SubRenderTarget
0024c998 00000028 b TitlebarSprite
0024c9c0 00000028 b MenuSprite
0024c9e8 00000028 b ScaleSprite
0024ca10 00000028 b InsertSprite
0024ca38 00000001 b ShiftHeld
0024ca3c 00000028 b KB_Shift_Sprite
0024ca64 00000001 b CapsHeld
0024ca68 00000028 b KB_Uppercase_Sprite
0024ca90 00000028 b KB_Lowercase_Sprite
0024cab8 00000004 b MenubarTextY
0024cabc 00000004 b MenubarTextX
0024cac0 00000018 b MenubarText
0024cad8 00000001 b CommandHeld
0024cad9 00000001 b OptionHeld
0024cada 00000001 b ControlHeld
0024cadc 00000014 b cur_audio
0024caf0 00000030 b WaveBuffers
0024cb20 00000004 b rom_path
0024cb24 00000004 b SoundBuffer
0024cb28 00000001 B ColorMappingChanged
0024cb29 00000001 B ColorModeWorks
0024cb2c 00000004 b MainRenderTarget
0024cb30 00000004 b MainScreenBuffer
0024cb34 00000004 b IconSheet
0024cb38 00000004 b KeyboardSheet
0024cb3c 00000004 b TitlebarSheet
0024cb40 00000004 b ChicagoFLF
0024cb44 00000004 b TextBuffer
0024cb48 00000004 b ReserveAllocBigBlock
0024cb4c 00000004 b my_argc
0024cb50 00000004 b my_argv
0024cb54 00000004 b CurrentWaveBuf
0024cb58 00000004 b screencomparebuff
0024cb5c 00000004 b NextDrawRow
0024cb60 00000001 B WantMacReset
0024cb61 00000001 B ForceMacOff
0024cb62 00000001 B WantMacInterrupt
0024cb63 00000001 b RequestMacOff
0024cb64 00000001 B EmVideoDisable
0024cb65 00000001 B EmLagTime
0024cb66 00000002 b ScreenChangedQuietBottom
0024cb68 00000002 b ScreenChangedQuietRight
0024cb6c 00000004 b ReserveAllocOffset
0024cb70 00000001 b HaveMouseMotion
0024cb74 00000004 b Keys_Up
0024cb78 00000004 b Keys_Down
0024cb7c 00000004 b TouchPad
0024cb80 00000004 B OnTrueTime
0024cb84 00000004 B CurMacDelta
0024cb88 00000004 B CurMacLongitude
0024cb8c 00000004 B CurMacLatitude
0024cb90 00001000 b UnpackTable_1BPP
0024db90 00000018 b __compound_literal.0
0024dba8 00000002 b LastATTel
0024dbac 00000280 b ATTListA
0024de2c 00000004 B RAM
0024de30 00000004 B VidMem
0024de34 00000004 B VidROM
0024de38 00000002 b ParamAddrHi
0024de3a 00000001 B InterruptButton
0024de3b 00000001 b CurIPL
0024de3c 00000004 B NextiCount
0024de40 00000014 b VIA1_D
0024de54 00000001 b VIA1_T2_Active
0024de55 00000001 b VIA1_T1_Active
0024de56 00000001 b VIA1_T1IntReady
0024de58 00000004 b VIA1_T1LastTime
0024de5c 00000004 b VIA1_T2LastTime
0024de60 00000001 b VIA1_T2C_ShortTime
0024de64 00000014 b VIA2_D
0024de78 00000001 b VIA2_T2_Active
0024de79 00000001 b VIA2_T1_Active
0024de7a 00000001 b VIA2_T1IntReady
0024de7c 00000004 b VIA2_T1LastTime
0024de80 00000004 b VIA2_T2LastTime
0024de84 00000001 b VIA2_T2C_ShortTime
0024de88 00000018 b SCC
0024dea0 0000010c b RTC
0024dfac 00000004 b LastRealDate
0024dfb0 00000010 b SCSI
0024dfc0 00000004 b vSonyMountedMask
0024dfc4 00000018 b ImageDataOffset
0024dfdc 00000018 b ImageDataSize
0024dff4 00000004 b MountCallBack
0024dff8 00000001 b QuitOnEject
0024dffa 00000002 b DelayUntilNextInsert
0024dffc 00000004 b pPatch
0024e000 00000001 b UseGrayTones
0024e004 00000001 b ADB_CurCmd
0024e008 00000008 b ADB_DatBuf
0024e010 00000001 b MouseADBAddress
0024e011 00000001 b KeyboardADBAddress
0024e012 00000001 b ADB_SzDatBuf
0024e013 00000001 b ADB_TalkDatBuf
0024e014 00000002 b MouseADBDeltaH
0024e016 00000002 b MouseADBDeltaV
0024e018 00000001 b SavedCurMouseButton
0024e019 00000001 b ADB_ListenDatBuf
0024e01a 00000001 b ADB_IndexDatBuf
0024e01c 00000001 b SoundReg801
0024e01d 00000001 b ASC_Playing
0024e01e 00000002 b ASC_FIFO_Out
0024e020 00000002 b ASC_FIFO_InA
0024e022 00000001 b SoundReg804
0024e023 00000001 b SoundReg802
0024e024 00000002 b ASC_FIFO_InB
0024e028 00000800 b ASC_SampBuff
0024e828 00000001 b SoundReg803
0024e829 00000001 b SoundReg805
0024e82a 00000001 b SoundReg_Volume
0024e82c 00000020 b ASC_ChanA
0024e84c 00000004 b ExtraSubTicksToDo
0024e850 00000002 b SubTickCounter
0024e854 00000004 b CurEmulatedTime
0024e858 b saved_stack
0024e860 b completed.10434
0024e864 b object.10439
0024e87c 00000040 b s_projBot
0024e8bc 00000040 b s_projTop
0024e8fc 00000004 b uLoc_mdlvMtx
0024e900 00000004 b uLoc_projMtx
0024e904 00000004 b s_glyphSheets
0024e908 00000004 b s_textScale
0024e90c 0000000c b hookCookie
0024e918 00000010 b cpuTime
0024e928 00000004 b firstTarget
0024e92c 00000008 b frameCounter
0024e934 00000004 b frameEndCb
0024e938 00000004 b frameEndCbData
0024e93c 00000001 b frameStage
0024e940 00000010 b gpuTime
0024e950 00000001 b inFrame
0024e951 00000001 b inSafeTransfer
0024e952 00000001 b initialized
0024e954 00000004 b lastTarget
0024e958 0000000c b linkedTarget
0024e964 00000001 b measureGpuTime
0024e968 000000c0 b C3Di_FVUnifEverDirty
0024ea28 00000008 b C3Di_IVUnifEverDirty
0024ea30 00000018 b C3Di_ShaderFVecData
0024ea48 0000000c b sAddrMap
0024ea54 00000008 b sVramPool
0024ea5c 00000008 b sLinearPool
0024ea64 0000000c b sAddrMap
0024ea70 00000001 V __ctru_speedup
0024ea74 00000004 b sharedFontAddr
0024ea78 00000002 b currentBuffer
0024ea7a 00000001 b enable3d
0024ea7c 00000004 b screenAlloc
0024ea80 00000004 b screenFree
0024ea84 00000004 b boundQueue
0024ea88 00000004 b curQueue
0024ea8c 00000001 b isActive
0024ea8d 00000001 b isRunning
0024ea8e 00000001 b shouldStop
0024ea90 0000000c b aptCookie
0024ea9c 00000001 b bActuallySleeping
0024ea9d 00000001 b bComponentLoaded
0024ea9e 00000001 b bDspReady
0024ea9f 00000001 b bNeedsSync
0024eaa0 00000001 b bSleeping
0024eaa4 00000004 b componentBin
0024eaa8 00000002 b componentDataMask
0024eaaa 00000001 b componentFree
0024eaac 00000002 b componentProgMask
0024eab0 00000004 b componentSize
0024eab4 00000004 b droppedFrames
0024eab8 00000004 b dspSem
0024eabc 00001080 b dspVar5Backup
0024fb3c 00000004 b frameCount
0024fb40 00000004 b irqEvent
0024fb44 00000048 b ndspMaster
0024fb8c 00000004 b ndspMutex
0024fb90 00000004 b ndspRefCount
0024fb94 00000004 b ndspThread
0024fb98 00000001 b ndspThreadRun
0024fb9c 00000008 b sleepEvent
0024fba4 00000c60 b ndspChn
00250804 00000004 b gspEvent
00250808 0000001c b gspEventCb
00250824 0000001c b gspEventCbData
00250840 00000007 b gspEventCbOneShot
00250848 0000001c b gspEventCounts
00250864 00000004 b gspEventData
00250868 00000004 b gspEventThread
0025086c 00000038 b gspEvents
002508a4 00000004 b gspRefCount
002508a8 00000001 b gspRunEvents
002508ac 00000004 b cfguHandle
002508b0 00000004 b cfguRefCount
002508b4 00000004 b dspHandle
002508b8 00000004 b dspRefCount
002508c0 00000080 b fsExemptArchives
00250940 00000004 b fsuHandle
00250944 00000004 b fsuRefCount
00250948 00000001 b aptChainloadMediatype
00250950 00000008 b aptChainloadTid
00250958 00000004 b aptEventHandlerThread
0025095c 0000000c b aptEvents
00250968 0000000c b aptFirstHook
00250974 00000001 b aptHomeButtonState
00250978 00000004 b aptLockHandle
0025097c 00000004 b aptMessageFunc
00250980 00000004 b aptMessageFuncData
00250984 00001000 b aptParameters
00251984 00000001 b aptRecentHomeButtonState
00251988 00000004 b aptRefCount
0025198c 00000008 b aptSleepEvent
00251994 00000001 b flagInit.8300
00251995 00000001 b flagValue.8301
00251998 00000004 b serviceName.7930
0025199c 00000006 b aVec
002519a4 00000004 b cPos
002519a8 00000006 b gRate
002519b0 00000004 b hidRefCount
002519b4 00000004 b kDown
002519b8 00000004 b kHeld
002519bc 00000004 b kOld
002519c0 00000004 b kUp
002519c4 00000004 b tPos
002519c8 00000004 b ptmSysmHandle
002519cc 00000004 b ptmSysmRefCount
002519d0 00000004 V __ctru_heap_size
002519d4 00000008 b sMappablePool
002519dc 0000000c b sAddrMap
002519e8 00000004 b arbiter
002519ec 00000004 b srvHandle
002519f0 00000004 b srvRefCount
002519f4 00000004 b csPos
002519f8 00000004 b irrstRefCount
002519fc 00000004 b kHeld
00251a00 00000004 b srvPmHandle
00251a04 00000004 b archive_device_cwd
00251a08 00001500 b archive_devices
00252f08 00000001 b archive_initialized
00252f0c 00000028 B __malloc_current_mallinfo
00252f34 00000004 B __malloc_max_sbrked_mem
00252f38 00000004 B __malloc_max_total_mem
00252f3c 00000004 B __malloc_top_pad
00252f40 00000004 b heap_start.7420
00252f44 00000004 B fake_heap_end
00252f48 00000004 B fake_heap_start
00252f4c 00000400 b temp_cwd
0025334c 00000048 B __syscalls
00253394 00000020 B CLUT_blues
002533b4 00000020 B CLUT_reds
002533d4 00000020 B CLUT_greens
002533f4 00000004 B my_disk_icon_addr
002533f8 00000004 B ICTactive
002533fc 0000001f B Wires
0025341c 00000018 B ICTwhen
00253434 00000006 B IWM
00253440 000005a0 B __C2Di_Context
002539e0 000002d0 B __C3D_Context
00253cb0 00000020 B C3D_IVUnif
00253cd0 000000c0 B C3D_FVUnifDirty
00253d90 00000002 B C3D_BoolUnifsDirty
00253d94 00000008 B C3D_IVUnifDirty
00253d9c 00000004 B C3D_BoolUnifs
00253da0 00000c00 B C3D_FVUnif
002549a0 00000004 B g_sharedFont
002549a4 00000008 B gfxBottomFramebuffers
002549ac 00000004 B gspSharedMemHandle
002549b0 0000001c B bottomFramebufferInfo
002549cc 00000004 B gspEvent
002549d0 00000008 B gfxTopLeftFramebuffers
002549d8 00000008 B gfxTopRightFramebuffers
002549e0 0000001c B topFramebufferInfo
002549fc 00000001 B gfxThreadID
00254a00 00000004 B gfxSharedMemory
00254a04 00000004 B gfxTopFramebufferMaxSize
00254a08 00000004 B gfxBottomFramebufferMaxSize
00254a0c 00000004 B gxCmdBuf
00254a10 00000004 B gpuCmdBuf
00254a14 00000004 B gpuCmdBufOffset
00254a18 00000004 B gpuCmdBufSize
00254a1c 00000002 B ndspFrameId
00254a1e 00000002 B ndspBufferId
00254a20 00000080 B ndspVars
00254aa0 00000002 B ndspBufferCurId
00254aa4 00000004 B gspGpuHandle
00254aa8 00000004 B hidMemHandle
00254aac 00000004 B hidHandle
00254ab0 00000004 B hidSharedMem
00254ab4 00000014 B hidEvents
00254ac8 00000004 B __system_retAddr
00254acc 00000004 B __ctru_linear_heap
00254ad0 00000004 B __ctru_heap
00254ad4 00000004 B __system_argv
00254ad8 00000004 B __system_argc
00254adc 00000004 B irrstHandle
00254ae0 00000004 B irrstEvent
00254ae4 00000004 B irrstMemHandle
00254ae8 00000004 B irrstSharedMem
00254aec B __tls_start
00255ef8 B __bss_end__
00255ef8 A __end__
00255ef8 B __tls_end
